[0.092s] DEBUG:colcon:Command line arguments: ['/usr/bin/colcon', 'build', '--packages-select', 'my_custom_interfaces', '--symlink-install']
[0.092s] DEBUG:colcon:Parsed command line arguments: Namespace(log_base=None, log_level=None, verb_name='build', build_base='build', install_base='install', merge_install=False, symlink_install=True, test_result_base=None, continue_on_error=False, executor='parallel', parallel_workers=12, event_handlers=None, ignore_user_meta=False, metas=['./colcon.meta'], base_paths=['.'], packages_ignore=None, packages_ignore_regex=None, paths=None, packages_up_to=None, packages_up_to_regex=None, packages_above=None, packages_above_and_dependencies=None, packages_above_depth=None, packages_select_by_dep=None, packages_skip_by_dep=None, packages_skip_up_to=None, packages_select_build_failed=False, packages_skip_build_finished=False, packages_select_test_failures=False, packages_skip_test_passed=False, packages_select=['my_custom_interfaces'], packages_skip=None, packages_select_regex=None, packages_skip_regex=None, packages_start=None, packages_end=None, allow_overriding=[], cmake_args=None, cmake_target=None, cmake_target_skip_unavailable=False, cmake_clean_cache=False, cmake_clean_first=False, cmake_force_configure=False, ament_cmake_args=None, catkin_cmake_args=None, catkin_skip_building_tests=False, mixin_files=None, mixin=None, verb_parser=<colcon_mixin.mixin.mixin_argument.MixinArgumentDecorator object at 0x7fa1393acd10>, verb_extension=<colcon_core.verb.build.BuildVerb object at 0x7fa1393acad0>, main=<bound method BuildVerb.main of <colcon_core.verb.build.BuildVerb object at 0x7fa1393acad0>>, mixin_verb=('build',))
[0.122s] Level 1:colcon.colcon_core.package_discovery:discover_packages(colcon_meta) check parameters
[0.122s] Level 1:colcon.colcon_core.package_discovery:discover_packages(recursive) check parameters
[0.122s] Level 1:colcon.colcon_core.package_discovery:discover_packages(ignore) check parameters
[0.122s] Level 1:colcon.colcon_core.package_discovery:discover_packages(path) check parameters
[0.122s] Level 1:colcon.colcon_core.package_discovery:discover_packages(colcon_meta) discover
[0.122s] Level 1:colcon.colcon_core.package_discovery:discover_packages(recursive) discover
[0.122s] INFO:colcon.colcon_core.package_discovery:Crawling recursively for packages in '/home/robot/dd2419_ws/src/my_custom_interfaces'
[0.122s] Level 1:colcon.colcon_core.package_identification:_identify(.) by extensions ['ignore', 'ignore_ament_install']
[0.122s] Level 1:colcon.colcon_core.package_identification:_identify(.) by extension 'ignore'
[0.122s] Level 1:colcon.colcon_core.package_identification:_identify(.) by extension 'ignore_ament_install'
[0.122s] Level 1:colcon.colcon_core.package_identification:_identify(.) by extensions ['colcon_pkg']
[0.122s] Level 1:colcon.colcon_core.package_identification:_identify(.) by extension 'colcon_pkg'
[0.122s] Level 1:colcon.colcon_core.package_identification:_identify(.) by extensions ['colcon_meta']
[0.122s] Level 1:colcon.colcon_core.package_identification:_identify(.) by extension 'colcon_meta'
[0.122s] Level 1:colcon.colcon_core.package_identification:_identify(.) by extensions ['ros']
[0.122s] Level 1:colcon.colcon_core.package_identification:_identify(.) by extension 'ros'
[0.141s] DEBUG:colcon.colcon_core.package_identification:Package '.' with type 'ros.ament_cmake' and name 'my_custom_interfaces'
[0.141s] Level 1:colcon.colcon_core.package_discovery:discover_packages(recursive) using defaults
[0.141s] Level 1:colcon.colcon_core.package_discovery:discover_packages(ignore) discover
[0.141s] Level 1:colcon.colcon_core.package_discovery:discover_packages(ignore) using defaults
[0.141s] Level 1:colcon.colcon_core.package_discovery:discover_packages(path) discover
[0.141s] Level 1:colcon.colcon_core.package_discovery:discover_packages(path) using defaults
[0.155s] Level 1:colcon.colcon_core.package_discovery:discover_packages(prefix_path) check parameters
[0.155s] Level 1:colcon.colcon_core.package_discovery:discover_packages(prefix_path) discover
[0.157s] DEBUG:colcon.colcon_installed_package_information.package_discovery:Found 19 installed packages in /home/robot/dd2419_ws/install
[0.159s] DEBUG:colcon.colcon_installed_package_information.package_discovery:Found 394 installed packages in /opt/ros/jazzy
[0.159s] Level 1:colcon.colcon_core.package_discovery:discover_packages(prefix_path) using defaults
[0.199s] Level 5:colcon.colcon_core.verb:set package 'my_custom_interfaces' build argument 'cmake_args' from command line to 'None'
[0.199s] Level 5:colcon.colcon_core.verb:set package 'my_custom_interfaces' build argument 'cmake_target' from command line to 'None'
[0.199s] Level 5:colcon.colcon_core.verb:set package 'my_custom_interfaces' build argument 'cmake_target_skip_unavailable' from command line to 'False'
[0.199s] Level 5:colcon.colcon_core.verb:set package 'my_custom_interfaces' build argument 'cmake_clean_cache' from command line to 'False'
[0.199s] Level 5:colcon.colcon_core.verb:set package 'my_custom_interfaces' build argument 'cmake_clean_first' from command line to 'False'
[0.199s] Level 5:colcon.colcon_core.verb:set package 'my_custom_interfaces' build argument 'cmake_force_configure' from command line to 'False'
[0.199s] Level 5:colcon.colcon_core.verb:set package 'my_custom_interfaces' build argument 'ament_cmake_args' from command line to 'None'
[0.199s] Level 5:colcon.colcon_core.verb:set package 'my_custom_interfaces' build argument 'catkin_cmake_args' from command line to 'None'
[0.199s] Level 5:colcon.colcon_core.verb:set package 'my_custom_interfaces' build argument 'catkin_skip_building_tests' from command line to 'False'
[0.199s] DEBUG:colcon.colcon_core.verb:Building package 'my_custom_interfaces' with the following arguments: {'ament_cmake_args': None, 'build_base': '/home/robot/dd2419_ws/src/my_custom_interfaces/build/my_custom_interfaces', 'catkin_cmake_args': None, 'catkin_skip_building_tests': False, 'cmake_args': None, 'cmake_clean_cache': False, 'cmake_clean_first': False, 'cmake_force_configure': False, 'cmake_target': None, 'cmake_target_skip_unavailable': False, 'install_base': '/home/robot/dd2419_ws/src/my_custom_interfaces/install/my_custom_interfaces', 'merge_install': False, 'path': '/home/robot/dd2419_ws/src/my_custom_interfaces', 'symlink_install': True, 'test_result_base': None}
[0.199s] INFO:colcon.colcon_core.executor:Executing jobs using 'parallel' executor
[0.200s] DEBUG:colcon.colcon_parallel_executor.executor.parallel:run_until_complete
[0.200s] INFO:colcon.colcon_ros.task.ament_cmake.build:Building ROS package in '/home/robot/dd2419_ws/src/my_custom_interfaces' with build type 'ament_cmake'
[0.200s] INFO:colcon.colcon_cmake.task.cmake.build:Building CMake package in '/home/robot/dd2419_ws/src/my_custom_interfaces'
[0.202s] INFO:colcon.colcon_core.plugin_system:Skipping extension 'colcon_core.shell.bat': Not used on non-Windows systems
[0.202s] INFO:colcon.colcon_core.shell:Skip shell extension 'powershell' for command environment: Not usable outside of PowerShell
[0.202s] DEBUG:colcon.colcon_core.shell:Skip shell extension 'dsv' for command environment
[0.209s] DEBUG:colcon.colcon_core.event_handler.log_command:Invoking command in '/home/robot/dd2419_ws/src/my_custom_interfaces/build/my_custom_interfaces': CMAKE_PREFIX_PATH=${CMAKE_PREFIX_PATH}:/home/robot/dd2419_ws/install/g2_robot_launch:/home/robot/dd2419_ws/install/robp_launch:/home/robot/dd2419_ws/install/odometry:/home/robot/dd2419_ws/install/kinematics:/home/robot/dd2419_ws/install/armplanner:/home/robot/dd2419_ws/install/robp_boot_camp_launch:/home/robot/dd2419_ws/install/motion_control:/home/robot/dd2419_ws/install/mission_control:/home/robot/dd2419_ws/install/manipulation:/home/robot/dd2419_ws/install/learning_tf2_py:/home/robot/dd2419_ws/install/display_markers:/home/robot/dd2419_ws/install/detection:/home/robot/dd2419_ws/install/arm_servos_pubs_subs:/opt/ros/jazzy DEBUGINFOD_URLS=https://debuginfod.ubuntu.com /usr/bin/cmake /home/robot/dd2419_ws/src/my_custom_interfaces -DAMENT_CMAKE_SYMLINK_INSTALL=1 -DCMAKE_INSTALL_PREFIX=/home/robot/dd2419_ws/src/my_custom_interfaces/install/my_custom_interfaces
[2.626s] DEBUG:colcon.colcon_core.event_handler.log_command:Invoked command in '/home/robot/dd2419_ws/src/my_custom_interfaces/build/my_custom_interfaces' returned '0': CMAKE_PREFIX_PATH=${CMAKE_PREFIX_PATH}:/home/robot/dd2419_ws/install/g2_robot_launch:/home/robot/dd2419_ws/install/robp_launch:/home/robot/dd2419_ws/install/odometry:/home/robot/dd2419_ws/install/kinematics:/home/robot/dd2419_ws/install/armplanner:/home/robot/dd2419_ws/install/robp_boot_camp_launch:/home/robot/dd2419_ws/install/motion_control:/home/robot/dd2419_ws/install/mission_control:/home/robot/dd2419_ws/install/manipulation:/home/robot/dd2419_ws/install/learning_tf2_py:/home/robot/dd2419_ws/install/display_markers:/home/robot/dd2419_ws/install/detection:/home/robot/dd2419_ws/install/arm_servos_pubs_subs:/opt/ros/jazzy DEBUGINFOD_URLS=https://debuginfod.ubuntu.com /usr/bin/cmake /home/robot/dd2419_ws/src/my_custom_interfaces -DAMENT_CMAKE_SYMLINK_INSTALL=1 -DCMAKE_INSTALL_PREFIX=/home/robot/dd2419_ws/src/my_custom_interfaces/install/my_custom_interfaces
[2.627s] DEBUG:colcon.colcon_core.event_handler.log_command:Invoking command in '/home/robot/dd2419_ws/src/my_custom_interfaces/build/my_custom_interfaces': CMAKE_PREFIX_PATH=${CMAKE_PREFIX_PATH}:/home/robot/dd2419_ws/install/g2_robot_launch:/home/robot/dd2419_ws/install/robp_launch:/home/robot/dd2419_ws/install/odometry:/home/robot/dd2419_ws/install/kinematics:/home/robot/dd2419_ws/install/armplanner:/home/robot/dd2419_ws/install/robp_boot_camp_launch:/home/robot/dd2419_ws/install/motion_control:/home/robot/dd2419_ws/install/mission_control:/home/robot/dd2419_ws/install/manipulation:/home/robot/dd2419_ws/install/learning_tf2_py:/home/robot/dd2419_ws/install/display_markers:/home/robot/dd2419_ws/install/detection:/home/robot/dd2419_ws/install/arm_servos_pubs_subs:/opt/ros/jazzy DEBUGINFOD_URLS=https://debuginfod.ubuntu.com /usr/bin/cmake --build /home/robot/dd2419_ws/src/my_custom_interfaces/build/my_custom_interfaces -- -j12 -l12
[4.693s] DEBUG:colcon.colcon_core.event_handler.log_command:Invoked command in '/home/robot/dd2419_ws/src/my_custom_interfaces/build/my_custom_interfaces' returned '0': CMAKE_PREFIX_PATH=${CMAKE_PREFIX_PATH}:/home/robot/dd2419_ws/install/g2_robot_launch:/home/robot/dd2419_ws/install/robp_launch:/home/robot/dd2419_ws/install/odometry:/home/robot/dd2419_ws/install/kinematics:/home/robot/dd2419_ws/install/armplanner:/home/robot/dd2419_ws/install/robp_boot_camp_launch:/home/robot/dd2419_ws/install/motion_control:/home/robot/dd2419_ws/install/mission_control:/home/robot/dd2419_ws/install/manipulation:/home/robot/dd2419_ws/install/learning_tf2_py:/home/robot/dd2419_ws/install/display_markers:/home/robot/dd2419_ws/install/detection:/home/robot/dd2419_ws/install/arm_servos_pubs_subs:/opt/ros/jazzy DEBUGINFOD_URLS=https://debuginfod.ubuntu.com /usr/bin/cmake --build /home/robot/dd2419_ws/src/my_custom_interfaces/build/my_custom_interfaces -- -j12 -l12
[4.702s] DEBUG:colcon.colcon_core.event_handler.log_command:Invoking command in '/home/robot/dd2419_ws/src/my_custom_interfaces/build/my_custom_interfaces': CMAKE_PREFIX_PATH=${CMAKE_PREFIX_PATH}:/home/robot/dd2419_ws/install/g2_robot_launch:/home/robot/dd2419_ws/install/robp_launch:/home/robot/dd2419_ws/install/odometry:/home/robot/dd2419_ws/install/kinematics:/home/robot/dd2419_ws/install/armplanner:/home/robot/dd2419_ws/install/robp_boot_camp_launch:/home/robot/dd2419_ws/install/motion_control:/home/robot/dd2419_ws/install/mission_control:/home/robot/dd2419_ws/install/manipulation:/home/robot/dd2419_ws/install/learning_tf2_py:/home/robot/dd2419_ws/install/display_markers:/home/robot/dd2419_ws/install/detection:/home/robot/dd2419_ws/install/arm_servos_pubs_subs:/opt/ros/jazzy DEBUGINFOD_URLS=https://debuginfod.ubuntu.com /usr/bin/cmake --install /home/robot/dd2419_ws/src/my_custom_interfaces/build/my_custom_interfaces
[5.302s] Level 1:colcon.colcon_core.environment:create_environment_scripts_only(my_custom_interfaces)
[5.302s] DEBUG:colcon.colcon_core.event_handler.log_command:Invoked command in '/home/robot/dd2419_ws/src/my_custom_interfaces/build/my_custom_interfaces' returned '0': CMAKE_PREFIX_PATH=${CMAKE_PREFIX_PATH}:/home/robot/dd2419_ws/install/g2_robot_launch:/home/robot/dd2419_ws/install/robp_launch:/home/robot/dd2419_ws/install/odometry:/home/robot/dd2419_ws/install/kinematics:/home/robot/dd2419_ws/install/armplanner:/home/robot/dd2419_ws/install/robp_boot_camp_launch:/home/robot/dd2419_ws/install/motion_control:/home/robot/dd2419_ws/install/mission_control:/home/robot/dd2419_ws/install/manipulation:/home/robot/dd2419_ws/install/learning_tf2_py:/home/robot/dd2419_ws/install/display_markers:/home/robot/dd2419_ws/install/detection:/home/robot/dd2419_ws/install/arm_servos_pubs_subs:/opt/ros/jazzy DEBUGINFOD_URLS=https://debuginfod.ubuntu.com /usr/bin/cmake --install /home/robot/dd2419_ws/src/my_custom_interfaces/build/my_custom_interfaces
[5.305s] Level 1:colcon.colcon_core.environment:checking '/home/robot/dd2419_ws/src/my_custom_interfaces/install/my_custom_interfaces' for CMake module files
[5.305s] Level 1:colcon.colcon_core.environment:checking '/home/robot/dd2419_ws/src/my_custom_interfaces/install/my_custom_interfaces' for CMake config files
[5.306s] Level 1:colcon.colcon_core.shell:create_environment_hook('my_custom_interfaces', 'cmake_prefix_path')
[5.306s] INFO:colcon.colcon_core.shell:Creating environment hook '/home/robot/dd2419_ws/src/my_custom_interfaces/install/my_custom_interfaces/share/my_custom_interfaces/hook/cmake_prefix_path.ps1'
[5.307s] INFO:colcon.colcon_core.shell:Creating environment descriptor '/home/robot/dd2419_ws/src/my_custom_interfaces/install/my_custom_interfaces/share/my_custom_interfaces/hook/cmake_prefix_path.dsv'
[5.307s] INFO:colcon.colcon_core.shell:Creating environment hook '/home/robot/dd2419_ws/src/my_custom_interfaces/install/my_custom_interfaces/share/my_custom_interfaces/hook/cmake_prefix_path.sh'
[5.308s] Level 1:colcon.colcon_core.environment:checking '/home/robot/dd2419_ws/src/my_custom_interfaces/install/my_custom_interfaces/lib'
[5.308s] Level 1:colcon.colcon_core.shell:create_environment_hook('my_custom_interfaces', 'ld_library_path_lib')
[5.308s] INFO:colcon.colcon_core.shell:Creating environment hook '/home/robot/dd2419_ws/src/my_custom_interfaces/install/my_custom_interfaces/share/my_custom_interfaces/hook/ld_library_path_lib.ps1'
[5.309s] INFO:colcon.colcon_core.shell:Creating environment descriptor '/home/robot/dd2419_ws/src/my_custom_interfaces/install/my_custom_interfaces/share/my_custom_interfaces/hook/ld_library_path_lib.dsv'
[5.309s] INFO:colcon.colcon_core.shell:Creating environment hook '/home/robot/dd2419_ws/src/my_custom_interfaces/install/my_custom_interfaces/share/my_custom_interfaces/hook/ld_library_path_lib.sh'
[5.309s] Level 1:colcon.colcon_core.environment:checking '/home/robot/dd2419_ws/src/my_custom_interfaces/install/my_custom_interfaces/bin'
[5.309s] Level 1:colcon.colcon_core.environment:checking '/home/robot/dd2419_ws/src/my_custom_interfaces/install/my_custom_interfaces/lib/pkgconfig/my_custom_interfaces.pc'
[5.309s] Level 1:colcon.colcon_core.environment:checking '/home/robot/dd2419_ws/src/my_custom_interfaces/install/my_custom_interfaces/lib/python3.12/site-packages'
[5.309s] Level 1:colcon.colcon_core.shell:create_environment_hook('my_custom_interfaces', 'pythonpath')
[5.309s] INFO:colcon.colcon_core.shell:Creating environment hook '/home/robot/dd2419_ws/src/my_custom_interfaces/install/my_custom_interfaces/share/my_custom_interfaces/hook/pythonpath.ps1'
[5.310s] INFO:colcon.colcon_core.shell:Creating environment descriptor '/home/robot/dd2419_ws/src/my_custom_interfaces/install/my_custom_interfaces/share/my_custom_interfaces/hook/pythonpath.dsv'
[5.310s] INFO:colcon.colcon_core.shell:Creating environment hook '/home/robot/dd2419_ws/src/my_custom_interfaces/install/my_custom_interfaces/share/my_custom_interfaces/hook/pythonpath.sh'
[5.310s] Level 1:colcon.colcon_core.environment:checking '/home/robot/dd2419_ws/src/my_custom_interfaces/install/my_custom_interfaces/bin'
[5.310s] INFO:colcon.colcon_core.shell:Creating package script '/home/robot/dd2419_ws/src/my_custom_interfaces/install/my_custom_interfaces/share/my_custom_interfaces/package.ps1'
[5.311s] INFO:colcon.colcon_core.shell:Creating package descriptor '/home/robot/dd2419_ws/src/my_custom_interfaces/install/my_custom_interfaces/share/my_custom_interfaces/package.dsv'
[5.311s] INFO:colcon.colcon_core.shell:Creating package script '/home/robot/dd2419_ws/src/my_custom_interfaces/install/my_custom_interfaces/share/my_custom_interfaces/package.sh'
[5.312s] INFO:colcon.colcon_core.shell:Creating package script '/home/robot/dd2419_ws/src/my_custom_interfaces/install/my_custom_interfaces/share/my_custom_interfaces/package.bash'
[5.312s] INFO:colcon.colcon_core.shell:Creating package script '/home/robot/dd2419_ws/src/my_custom_interfaces/install/my_custom_interfaces/share/my_custom_interfaces/package.zsh'
[5.313s] Level 1:colcon.colcon_core.environment:create_file_with_runtime_dependencies(/home/robot/dd2419_ws/src/my_custom_interfaces/install/my_custom_interfaces/share/colcon-core/packages/my_custom_interfaces)
[5.313s] Level 1:colcon.colcon_core.environment:create_environment_scripts_only(my_custom_interfaces)
[5.313s] Level 1:colcon.colcon_core.environment:checking '/home/robot/dd2419_ws/src/my_custom_interfaces/install/my_custom_interfaces' for CMake module files
[5.314s] Level 1:colcon.colcon_core.environment:checking '/home/robot/dd2419_ws/src/my_custom_interfaces/install/my_custom_interfaces' for CMake config files
[5.314s] Level 1:colcon.colcon_core.shell:create_environment_hook('my_custom_interfaces', 'cmake_prefix_path')
[5.314s] INFO:colcon.colcon_core.shell:Creating environment hook '/home/robot/dd2419_ws/src/my_custom_interfaces/install/my_custom_interfaces/share/my_custom_interfaces/hook/cmake_prefix_path.ps1'
[5.315s] INFO:colcon.colcon_core.shell:Creating environment descriptor '/home/robot/dd2419_ws/src/my_custom_interfaces/install/my_custom_interfaces/share/my_custom_interfaces/hook/cmake_prefix_path.dsv'
[5.315s] INFO:colcon.colcon_core.shell:Creating environment hook '/home/robot/dd2419_ws/src/my_custom_interfaces/install/my_custom_interfaces/share/my_custom_interfaces/hook/cmake_prefix_path.sh'
[5.315s] Level 1:colcon.colcon_core.environment:checking '/home/robot/dd2419_ws/src/my_custom_interfaces/install/my_custom_interfaces/lib'
[5.316s] Level 1:colcon.colcon_core.shell:create_environment_hook('my_custom_interfaces', 'ld_library_path_lib')
[5.316s] INFO:colcon.colcon_core.shell:Creating environment hook '/home/robot/dd2419_ws/src/my_custom_interfaces/install/my_custom_interfaces/share/my_custom_interfaces/hook/ld_library_path_lib.ps1'
[5.316s] INFO:colcon.colcon_core.shell:Creating environment descriptor '/home/robot/dd2419_ws/src/my_custom_interfaces/install/my_custom_interfaces/share/my_custom_interfaces/hook/ld_library_path_lib.dsv'
[5.316s] INFO:colcon.colcon_core.shell:Creating environment hook '/home/robot/dd2419_ws/src/my_custom_interfaces/install/my_custom_interfaces/share/my_custom_interfaces/hook/ld_library_path_lib.sh'
[5.317s] Level 1:colcon.colcon_core.environment:checking '/home/robot/dd2419_ws/src/my_custom_interfaces/install/my_custom_interfaces/bin'
[5.317s] Level 1:colcon.colcon_core.environment:checking '/home/robot/dd2419_ws/src/my_custom_interfaces/install/my_custom_interfaces/lib/pkgconfig/my_custom_interfaces.pc'
[5.317s] Level 1:colcon.colcon_core.environment:checking '/home/robot/dd2419_ws/src/my_custom_interfaces/install/my_custom_interfaces/lib/python3.12/site-packages'
[5.317s] Level 1:colcon.colcon_core.shell:create_environment_hook('my_custom_interfaces', 'pythonpath')
[5.317s] INFO:colcon.colcon_core.shell:Creating environment hook '/home/robot/dd2419_ws/src/my_custom_interfaces/install/my_custom_interfaces/share/my_custom_interfaces/hook/pythonpath.ps1'
[5.317s] INFO:colcon.colcon_core.shell:Creating environment descriptor '/home/robot/dd2419_ws/src/my_custom_interfaces/install/my_custom_interfaces/share/my_custom_interfaces/hook/pythonpath.dsv'
[5.317s] INFO:colcon.colcon_core.shell:Creating environment hook '/home/robot/dd2419_ws/src/my_custom_interfaces/install/my_custom_interfaces/share/my_custom_interfaces/hook/pythonpath.sh'
[5.318s] Level 1:colcon.colcon_core.environment:checking '/home/robot/dd2419_ws/src/my_custom_interfaces/install/my_custom_interfaces/bin'
[5.318s] INFO:colcon.colcon_core.shell:Creating package script '/home/robot/dd2419_ws/src/my_custom_interfaces/install/my_custom_interfaces/share/my_custom_interfaces/package.ps1'
[5.318s] INFO:colcon.colcon_core.shell:Creating package descriptor '/home/robot/dd2419_ws/src/my_custom_interfaces/install/my_custom_interfaces/share/my_custom_interfaces/package.dsv'
[5.319s] INFO:colcon.colcon_core.shell:Creating package script '/home/robot/dd2419_ws/src/my_custom_interfaces/install/my_custom_interfaces/share/my_custom_interfaces/package.sh'
[5.319s] INFO:colcon.colcon_core.shell:Creating package script '/home/robot/dd2419_ws/src/my_custom_interfaces/install/my_custom_interfaces/share/my_custom_interfaces/package.bash'
[5.319s] INFO:colcon.colcon_core.shell:Creating package script '/home/robot/dd2419_ws/src/my_custom_interfaces/install/my_custom_interfaces/share/my_custom_interfaces/package.zsh'
[5.320s] Level 1:colcon.colcon_core.environment:create_file_with_runtime_dependencies(/home/robot/dd2419_ws/src/my_custom_interfaces/install/my_custom_interfaces/share/colcon-core/packages/my_custom_interfaces)
[5.320s] DEBUG:colcon.colcon_parallel_executor.executor.parallel:closing loop
[5.320s] DEBUG:colcon.colcon_parallel_executor.executor.parallel:loop closed
[5.320s] DEBUG:colcon.colcon_parallel_executor.executor.parallel:run_until_complete finished with '0'
[5.320s] DEBUG:colcon.colcon_core.event_reactor:joining thread
[5.325s] INFO:colcon.colcon_core.plugin_system:Skipping extension 'colcon_notification.desktop_notification.terminal_notifier': Not used on non-Darwin systems
[5.325s] INFO:colcon.colcon_core.plugin_system:Skipping extension 'colcon_notification.desktop_notification.win32': Not used on non-Windows systems
[5.325s] INFO:colcon.colcon_notification.desktop_notification:Sending desktop notification using 'notify2'
[5.335s] DEBUG:colcon.colcon_core.event_reactor:joined thread
[5.336s] INFO:colcon.colcon_core.shell:Creating prefix script '/home/robot/dd2419_ws/src/my_custom_interfaces/install/local_setup.ps1'
[5.336s] INFO:colcon.colcon_core.shell:Creating prefix util module '/home/robot/dd2419_ws/src/my_custom_interfaces/install/_local_setup_util_ps1.py'
[5.337s] INFO:colcon.colcon_core.shell:Creating prefix chain script '/home/robot/dd2419_ws/src/my_custom_interfaces/install/setup.ps1'
[5.339s] INFO:colcon.colcon_core.shell:Creating prefix script '/home/robot/dd2419_ws/src/my_custom_interfaces/install/local_setup.sh'
[5.339s] INFO:colcon.colcon_core.shell:Creating prefix util module '/home/robot/dd2419_ws/src/my_custom_interfaces/install/_local_setup_util_sh.py'
[5.339s] INFO:colcon.colcon_core.shell:Creating prefix chain script '/home/robot/dd2419_ws/src/my_custom_interfaces/install/setup.sh'
[5.341s] INFO:colcon.colcon_core.shell:Creating prefix script '/home/robot/dd2419_ws/src/my_custom_interfaces/install/local_setup.bash'
[5.341s] INFO:colcon.colcon_core.shell:Creating prefix chain script '/home/robot/dd2419_ws/src/my_custom_interfaces/install/setup.bash'
[5.342s] INFO:colcon.colcon_core.shell:Creating prefix script '/home/robot/dd2419_ws/src/my_custom_interfaces/install/local_setup.zsh'
[5.343s] INFO:colcon.colcon_core.shell:Creating prefix chain script '/home/robot/dd2419_ws/src/my_custom_interfaces/install/setup.zsh'
