[0.012s] Invoking command in '/home/robot/dd2419_ws/src/my_custom_interfaces/build/my_custom_interfaces': CMAKE_PREFIX_PATH=${CMAKE_PREFIX_PATH}:/home/robot/dd2419_ws/install/g2_robot_launch:/home/robot/dd2419_ws/install/robp_launch:/home/robot/dd2419_ws/install/odometry:/home/robot/dd2419_ws/install/kinematics:/home/robot/dd2419_ws/install/armplanner:/home/robot/dd2419_ws/install/robp_boot_camp_launch:/home/robot/dd2419_ws/install/motion_control:/home/robot/dd2419_ws/install/mission_control:/home/robot/dd2419_ws/install/manipulation:/home/robot/dd2419_ws/install/learning_tf2_py:/home/robot/dd2419_ws/install/display_markers:/home/robot/dd2419_ws/install/detection:/home/robot/dd2419_ws/install/arm_servos_pubs_subs:/opt/ros/jazzy DEBUGINFOD_URLS=https://debuginfod.ubuntu.com /usr/bin/cmake /home/robot/dd2419_ws/src/my_custom_interfaces -DAMENT_CMAKE_SYMLINK_INSTALL=1 -DCMAKE_INSTALL_PREFIX=/home/robot/dd2419_ws/src/my_custom_interfaces/install/my_custom_interfaces
[0.151s] -- The C compiler identification is GNU 13.3.0
[0.288s] -- The CXX compiler identification is GNU 13.3.0
[0.310s] -- Detecting C compiler ABI info
[0.393s] -- Detecting C compiler ABI info - done
[0.399s] -- Check for working C compiler: /usr/bin/cc - skipped
[0.400s] -- Detecting C compile features
[0.401s] -- Detecting C compile features - done
[0.410s] -- Detecting CXX compiler ABI info
[0.498s] -- Detecting CXX compiler ABI info - done
[0.506s] -- Check for working CXX compiler: /usr/bin/c++ - skipped
[0.506s] -- Detecting CXX compile features
[0.506s] -- Detecting CXX compile features - done
[0.522s] -- Found ament_cmake: 2.5.3 (/opt/ros/jazzy/share/ament_cmake/cmake)
[0.691s] -- Found Python3: /usr/bin/python3 (found version "3.12.3") found components: Interpreter 
[0.765s] -- Override CMake install command with custom implementation using symlinks instead of copying resources
[0.864s] -- Found rosidl_default_generators: 1.6.0 (/opt/ros/jazzy/share/rosidl_default_generators/cmake)
[0.882s] -- Using all available rosidl_typesupport_c: rosidl_typesupport_fastrtps_c;rosidl_typesupport_introspection_c
[0.993s] -- Using all available rosidl_typesupport_cpp: rosidl_typesupport_fastrtps_cpp;rosidl_typesupport_introspection_cpp
[1.078s] -- Found rosidl_adapter: 4.6.5 (/opt/ros/jazzy/share/rosidl_adapter/cmake)
[1.089s] -- Found builtin_interfaces: 2.0.2 (/opt/ros/jazzy/share/builtin_interfaces/cmake)
[1.384s] [31mCMake Error at /opt/ros/jazzy/share/rosidl_cmake/cmake/rosidl_generate_interfaces.cmake:223 (message):
[1.384s]   Packages installing interfaces must include
[1.384s]   '<member_of_group>rosidl_interface_packages</member_of_group>' in their
[1.384s]   package.xml
[1.384s] Call Stack (most recent call first):
[1.384s]   CMakeLists.txt:10 (rosidl_generate_interfaces)
[1.385s] 
[1.385s] [0m
[1.385s] -- Configuring incomplete, errors occurred!
[1.391s] Invoked command in '/home/robot/dd2419_ws/src/my_custom_interfaces/build/my_custom_interfaces' returned '1': CMAKE_PREFIX_PATH=${CMAKE_PREFIX_PATH}:/home/robot/dd2419_ws/install/g2_robot_launch:/home/robot/dd2419_ws/install/robp_launch:/home/robot/dd2419_ws/install/odometry:/home/robot/dd2419_ws/install/kinematics:/home/robot/dd2419_ws/install/armplanner:/home/robot/dd2419_ws/install/robp_boot_camp_launch:/home/robot/dd2419_ws/install/motion_control:/home/robot/dd2419_ws/install/mission_control:/home/robot/dd2419_ws/install/manipulation:/home/robot/dd2419_ws/install/learning_tf2_py:/home/robot/dd2419_ws/install/display_markers:/home/robot/dd2419_ws/install/detection:/home/robot/dd2419_ws/install/arm_servos_pubs_subs:/opt/ros/jazzy DEBUGINFOD_URLS=https://debuginfod.ubuntu.com /usr/bin/cmake /home/robot/dd2419_ws/src/my_custom_interfaces -DAMENT_CMAKE_SYMLINK_INSTALL=1 -DCMAKE_INSTALL_PREFIX=/home/robot/dd2419_ws/src/my_custom_interfaces/install/my_custom_interfaces
