-- Found ament_cmake: 2.5.3 (/opt/ros/jazzy/share/ament_cmake/cmake)
-- Override CMake install command with custom implementation using symlinks instead of copying resources
-- Found rosidl_default_generators: 1.6.0 (/opt/ros/jazzy/share/rosidl_default_generators/cmake)
-- Using all available rosidl_typesupport_c: rosidl_typesupport_fastrtps_c;rosidl_typesupport_introspection_c
-- Using all available rosidl_typesupport_cpp: rosidl_typesupport_fastrtps_cpp;rosidl_typesupport_introspection_cpp
-- Found rosidl_adapter: 4.6.5 (/opt/ros/jazzy/share/rosidl_adapter/cmake)
-- Found builtin_interfaces: 2.0.2 (/opt/ros/jazzy/share/builtin_interfaces/cmake)
-- Found ament_cmake_ros: 0.12.0 (/opt/ros/jazzy/share/ament_cmake_ros/cmake)
-- Using all available rosidl_typesupport_c: rosidl_typesupport_fastrtps_c;rosidl_typesupport_introspection_c
-- Using all available rosidl_typesupport_cpp: rosidl_typesupport_fastrtps_cpp;rosidl_typesupport_introspection_cpp
-- Found python_cmake_module: 0.11.1 (/opt/ros/jazzy/share/python_cmake_module/cmake)
-- Found PythonExtra: /usr/bin/python3  
-- Found Python3: /usr/bin/python3 (found version "3.12.3") found components: Interpreter Development NumPy Development.Module Development.Embed 
-- Configuring done (2.4s)
-- Generating done (0.0s)
-- Build files have been written to: /home/robot/dd2419_ws/src/my_custom_interfaces/build/my_custom_interfaces
[  2%] [34m[1mGenerating type hashes for ROS interfaces[0m
[  2%] Built target ament_cmake_python_symlink_my_custom_interfaces
[  2%] Built target my_custom_interfaces__rosidl_generator_type_description
[  5%] [34m[1mGenerating C code for ROS interfaces[0m
[  8%] [34m[1mGenerating C++ code for ROS interfaces[0m
running egg_info
creating my_custom_interfaces.egg-info
writing my_custom_interfaces.egg-info/PKG-INFO
writing dependency_links to my_custom_interfaces.egg-info/dependency_links.txt
writing top-level names to my_custom_interfaces.egg-info/top_level.txt
writing manifest file 'my_custom_interfaces.egg-info/SOURCES.txt'
reading manifest file 'my_custom_interfaces.egg-info/SOURCES.txt'
writing manifest file 'my_custom_interfaces.egg-info/SOURCES.txt'
[  8%] Built target ament_cmake_python_build_my_custom_interfaces_egg
[  8%] Built target my_custom_interfaces__cpp
[ 11%] [32mBuilding C object CMakeFiles/my_custom_interfaces__rosidl_generator_c.dir/rosidl_generator_c/my_custom_interfaces/srv/detail/pickup__description.c.o[0m
[ 14%] [32mBuilding C object CMakeFiles/my_custom_interfaces__rosidl_generator_c.dir/rosidl_generator_c/my_custom_interfaces/srv/detail/pickup__functions.c.o[0m
[ 17%] [32mBuilding C object CMakeFiles/my_custom_interfaces__rosidl_generator_c.dir/rosidl_generator_c/my_custom_interfaces/srv/detail/pickup__type_support.c.o[0m
[ 20%] [32m[1mLinking C shared library libmy_custom_interfaces__rosidl_generator_c.so[0m
[ 20%] Built target my_custom_interfaces__rosidl_generator_c
[ 23%] [34m[1mGenerating C introspection for ROS interfaces[0m
[ 26%] [34m[1mGenerating C++ type support dispatch for ROS interfaces[0m
[ 29%] [34m[1mGenerating C type support for eProsima Fast-RTPS[0m
[ 32%] [34m[1mGenerating C type support dispatch for ROS interfaces[0m
[ 35%] [34m[1mGenerating C++ type support for eProsima Fast-RTPS[0m
[ 38%] [34m[1mGenerating C++ introspection for ROS interfaces[0m
[ 41%] [32mBuilding CXX object CMakeFiles/my_custom_interfaces__rosidl_typesupport_c.dir/rosidl_typesupport_c/my_custom_interfaces/srv/pickup__type_support.cpp.o[0m
[ 44%] [32mBuilding CXX object CMakeFiles/my_custom_interfaces__rosidl_typesupport_cpp.dir/rosidl_typesupport_cpp/my_custom_interfaces/srv/pickup__type_support.cpp.o[0m
[ 47%] [32mBuilding CXX object CMakeFiles/my_custom_interfaces__rosidl_typesupport_introspection_cpp.dir/rosidl_typesupport_introspection_cpp/my_custom_interfaces/srv/detail/pickup__type_support.cpp.o[0m
[ 50%] [32mBuilding C object CMakeFiles/my_custom_interfaces__rosidl_typesupport_introspection_c.dir/rosidl_typesupport_introspection_c/my_custom_interfaces/srv/detail/pickup__type_support.c.o[0m
[ 52%] [32mBuilding CXX object CMakeFiles/my_custom_interfaces__rosidl_typesupport_fastrtps_cpp.dir/rosidl_typesupport_fastrtps_cpp/my_custom_interfaces/srv/detail/dds_fastrtps/pickup__type_support.cpp.o[0m
[ 55%] [32m[1mLinking CXX shared library libmy_custom_interfaces__rosidl_typesupport_c.so[0m
[ 58%] [32mBuilding CXX object CMakeFiles/my_custom_interfaces__rosidl_typesupport_fastrtps_c.dir/rosidl_typesupport_fastrtps_c/my_custom_interfaces/srv/detail/pickup__type_support_c.cpp.o[0m
[ 61%] [32m[1mLinking C shared library libmy_custom_interfaces__rosidl_typesupport_introspection_c.so[0m
[ 61%] Built target my_custom_interfaces__rosidl_typesupport_c
[ 61%] Built target my_custom_interfaces__rosidl_typesupport_introspection_c
[ 64%] [32m[1mLinking CXX shared library libmy_custom_interfaces__rosidl_typesupport_cpp.so[0m
[ 67%] [32m[1mLinking CXX shared library libmy_custom_interfaces__rosidl_typesupport_introspection_cpp.so[0m
[ 67%] Built target my_custom_interfaces__rosidl_typesupport_cpp
[ 67%] Built target my_custom_interfaces__rosidl_typesupport_introspection_cpp
[ 70%] [32m[1mLinking CXX shared library libmy_custom_interfaces__rosidl_typesupport_fastrtps_c.so[0m
[ 70%] Built target my_custom_interfaces__rosidl_typesupport_fastrtps_c
[ 73%] [32m[1mLinking CXX shared library libmy_custom_interfaces__rosidl_typesupport_fastrtps_cpp.so[0m
[ 73%] Built target my_custom_interfaces__rosidl_typesupport_fastrtps_cpp
[ 73%] Built target my_custom_interfaces
[ 76%] [34m[1mGenerating Python code for ROS interfaces[0m
[ 76%] Built target my_custom_interfaces__py
[ 79%] [32mBuilding C object CMakeFiles/my_custom_interfaces__rosidl_generator_py.dir/rosidl_generator_py/my_custom_interfaces/srv/_pickup_s.c.o[0m
[ 82%] [32m[1mLinking C shared library libmy_custom_interfaces__rosidl_generator_py.so[0m
[ 82%] Built target my_custom_interfaces__rosidl_generator_py
[ 85%] [32mBuilding C object CMakeFiles/my_custom_interfaces_s__rosidl_typesupport_introspection_c.dir/rosidl_generator_py/my_custom_interfaces/_my_custom_interfaces_s.ep.rosidl_typesupport_introspection_c.c.o[0m
[ 88%] [32mBuilding C object CMakeFiles/my_custom_interfaces_s__rosidl_typesupport_fastrtps_c.dir/rosidl_generator_py/my_custom_interfaces/_my_custom_interfaces_s.ep.rosidl_typesupport_fastrtps_c.c.o[0m
[ 91%] [32mBuilding C object CMakeFiles/my_custom_interfaces_s__rosidl_typesupport_c.dir/rosidl_generator_py/my_custom_interfaces/_my_custom_interfaces_s.ep.rosidl_typesupport_c.c.o[0m
[ 97%] [32m[1mLinking C shared module rosidl_generator_py/my_custom_interfaces/my_custom_interfaces_s__rosidl_typesupport_introspection_c.so[0m
[ 97%] [32m[1mLinking C shared module rosidl_generator_py/my_custom_interfaces/my_custom_interfaces_s__rosidl_typesupport_c.so[0m
[100%] [32m[1mLinking C shared module rosidl_generator_py/my_custom_interfaces/my_custom_interfaces_s__rosidl_typesupport_fastrtps_c.so[0m
[100%] Built target my_custom_interfaces_s__rosidl_typesupport_c
[100%] Built target my_custom_interfaces_s__rosidl_typesupport_introspection_c
[100%] Built target my_custom_interfaces_s__rosidl_typesupport_fastrtps_c
-- Install configuration: ""
-- Execute custom install script
-- Symlinking: /home/robot/dd2419_ws/src/my_custom_interfaces/install/my_custom_interfaces/share/ament_index/resource_index/rosidl_interfaces/my_custom_interfaces
-- Symlinking: /home/robot/dd2419_ws/src/my_custom_interfaces/install/my_custom_interfaces/share/my_custom_interfaces/srv/Pickup.json
-- Symlinking: /home/robot/dd2419_ws/src/my_custom_interfaces/install/my_custom_interfaces/include/my_custom_interfaces/my_custom_interfaces/msg/rosidl_generator_c__visibility_control.h
-- Symlinking: /home/robot/dd2419_ws/src/my_custom_interfaces/install/my_custom_interfaces/include/my_custom_interfaces/my_custom_interfaces/srv/detail/pickup__functions.h
-- Symlinking: /home/robot/dd2419_ws/src/my_custom_interfaces/install/my_custom_interfaces/include/my_custom_interfaces/my_custom_interfaces/srv/detail/pickup__struct.h
-- Symlinking: /home/robot/dd2419_ws/src/my_custom_interfaces/install/my_custom_interfaces/include/my_custom_interfaces/my_custom_interfaces/srv/detail/pickup__type_support.h
-- Symlinking: /home/robot/dd2419_ws/src/my_custom_interfaces/install/my_custom_interfaces/include/my_custom_interfaces/my_custom_interfaces/srv/pickup.h
-- Symlinking: /home/robot/dd2419_ws/src/my_custom_interfaces/install/my_custom_interfaces/share/my_custom_interfaces/environment/library_path.sh
-- Symlinking: /home/robot/dd2419_ws/src/my_custom_interfaces/install/my_custom_interfaces/share/my_custom_interfaces/environment/library_path.dsv
-- Symlinking: /home/robot/dd2419_ws/src/my_custom_interfaces/install/my_custom_interfaces/include/my_custom_interfaces/my_custom_interfaces/msg/rosidl_typesupport_fastrtps_c__visibility_control.h
-- Symlinking: /home/robot/dd2419_ws/src/my_custom_interfaces/install/my_custom_interfaces/include/my_custom_interfaces/my_custom_interfaces/srv/detail/pickup__rosidl_typesupport_fastrtps_c.h
-- Symlinking: /home/robot/dd2419_ws/src/my_custom_interfaces/install/my_custom_interfaces/include/my_custom_interfaces/my_custom_interfaces/msg/rosidl_typesupport_introspection_c__visibility_control.h
-- Symlinking: /home/robot/dd2419_ws/src/my_custom_interfaces/install/my_custom_interfaces/include/my_custom_interfaces/my_custom_interfaces/srv/detail/pickup__rosidl_typesupport_introspection_c.h
-- Symlinking: /home/robot/dd2419_ws/src/my_custom_interfaces/install/my_custom_interfaces/include/my_custom_interfaces/my_custom_interfaces/msg/rosidl_generator_cpp__visibility_control.hpp
-- Symlinking: /home/robot/dd2419_ws/src/my_custom_interfaces/install/my_custom_interfaces/include/my_custom_interfaces/my_custom_interfaces/srv/detail/pickup__builder.hpp
-- Symlinking: /home/robot/dd2419_ws/src/my_custom_interfaces/install/my_custom_interfaces/include/my_custom_interfaces/my_custom_interfaces/srv/detail/pickup__struct.hpp
-- Symlinking: /home/robot/dd2419_ws/src/my_custom_interfaces/install/my_custom_interfaces/include/my_custom_interfaces/my_custom_interfaces/srv/detail/pickup__traits.hpp
-- Symlinking: /home/robot/dd2419_ws/src/my_custom_interfaces/install/my_custom_interfaces/include/my_custom_interfaces/my_custom_interfaces/srv/detail/pickup__type_support.hpp
-- Symlinking: /home/robot/dd2419_ws/src/my_custom_interfaces/install/my_custom_interfaces/include/my_custom_interfaces/my_custom_interfaces/srv/pickup.hpp
-- Symlinking: /home/robot/dd2419_ws/src/my_custom_interfaces/install/my_custom_interfaces/include/my_custom_interfaces/my_custom_interfaces/msg/rosidl_typesupport_fastrtps_cpp__visibility_control.h
-- Symlinking: /home/robot/dd2419_ws/src/my_custom_interfaces/install/my_custom_interfaces/include/my_custom_interfaces/my_custom_interfaces/srv/detail/pickup__rosidl_typesupport_fastrtps_cpp.hpp
-- Symlinking: /home/robot/dd2419_ws/src/my_custom_interfaces/install/my_custom_interfaces/include/my_custom_interfaces/my_custom_interfaces/srv/detail/pickup__rosidl_typesupport_introspection_cpp.hpp
-- Symlinking: /home/robot/dd2419_ws/src/my_custom_interfaces/install/my_custom_interfaces/share/my_custom_interfaces/environment/pythonpath.sh
-- Symlinking: /home/robot/dd2419_ws/src/my_custom_interfaces/install/my_custom_interfaces/share/my_custom_interfaces/environment/pythonpath.dsv
-- Symlinking: /home/robot/dd2419_ws/src/my_custom_interfaces/install/my_custom_interfaces/lib/python3.12/site-packages/my_custom_interfaces-0.0.0-py3.12.egg-info/PKG-INFO
-- Symlinking: /home/robot/dd2419_ws/src/my_custom_interfaces/install/my_custom_interfaces/lib/python3.12/site-packages/my_custom_interfaces-0.0.0-py3.12.egg-info/SOURCES.txt
-- Symlinking: /home/robot/dd2419_ws/src/my_custom_interfaces/install/my_custom_interfaces/lib/python3.12/site-packages/my_custom_interfaces-0.0.0-py3.12.egg-info/dependency_links.txt
-- Symlinking: /home/robot/dd2419_ws/src/my_custom_interfaces/install/my_custom_interfaces/lib/python3.12/site-packages/my_custom_interfaces-0.0.0-py3.12.egg-info/top_level.txt
-- Symlinking: /home/robot/dd2419_ws/src/my_custom_interfaces/install/my_custom_interfaces/lib/python3.12/site-packages/my_custom_interfaces/__init__.py
-- Symlinking: /home/robot/dd2419_ws/src/my_custom_interfaces/install/my_custom_interfaces/lib/python3.12/site-packages/my_custom_interfaces/_my_custom_interfaces_s.ep.rosidl_typesupport_c.c
-- Symlinking: /home/robot/dd2419_ws/src/my_custom_interfaces/install/my_custom_interfaces/lib/python3.12/site-packages/my_custom_interfaces/_my_custom_interfaces_s.ep.rosidl_typesupport_fastrtps_c.c
-- Symlinking: /home/robot/dd2419_ws/src/my_custom_interfaces/install/my_custom_interfaces/lib/python3.12/site-packages/my_custom_interfaces/_my_custom_interfaces_s.ep.rosidl_typesupport_introspection_c.c
-- Symlinking: /home/robot/dd2419_ws/src/my_custom_interfaces/install/my_custom_interfaces/lib/python3.12/site-packages/my_custom_interfaces/my_custom_interfaces_s__rosidl_typesupport_c.so
-- Symlinking: /home/robot/dd2419_ws/src/my_custom_interfaces/install/my_custom_interfaces/lib/python3.12/site-packages/my_custom_interfaces/my_custom_interfaces_s__rosidl_typesupport_fastrtps_c.so
-- Symlinking: /home/robot/dd2419_ws/src/my_custom_interfaces/install/my_custom_interfaces/lib/python3.12/site-packages/my_custom_interfaces/my_custom_interfaces_s__rosidl_typesupport_introspection_c.so
-- Symlinking: /home/robot/dd2419_ws/src/my_custom_interfaces/install/my_custom_interfaces/lib/python3.12/site-packages/my_custom_interfaces/srv/__init__.py
-- Symlinking: /home/robot/dd2419_ws/src/my_custom_interfaces/install/my_custom_interfaces/lib/python3.12/site-packages/my_custom_interfaces/srv/_pickup.py
-- Symlinking: /home/robot/dd2419_ws/src/my_custom_interfaces/install/my_custom_interfaces/lib/python3.12/site-packages/my_custom_interfaces/srv/_pickup_s.c
-- Up-to-date symlink: /home/robot/dd2419_ws/src/my_custom_interfaces/install/my_custom_interfaces/lib/python3.12/site-packages/my_custom_interfaces/my_custom_interfaces_s__rosidl_typesupport_fastrtps_c.so
-- Up-to-date symlink: /home/robot/dd2419_ws/src/my_custom_interfaces/install/my_custom_interfaces/lib/python3.12/site-packages/my_custom_interfaces/my_custom_interfaces_s__rosidl_typesupport_introspection_c.so
-- Up-to-date symlink: /home/robot/dd2419_ws/src/my_custom_interfaces/install/my_custom_interfaces/lib/python3.12/site-packages/my_custom_interfaces/my_custom_interfaces_s__rosidl_typesupport_c.so
-- Symlinking: /home/robot/dd2419_ws/src/my_custom_interfaces/install/my_custom_interfaces/share/my_custom_interfaces/srv/Pickup.idl
-- Symlinking: /home/robot/dd2419_ws/src/my_custom_interfaces/install/my_custom_interfaces/share/my_custom_interfaces/srv/Pickup.srv
-- Symlinking: /home/robot/dd2419_ws/src/my_custom_interfaces/install/my_custom_interfaces/share/ament_index/resource_index/package_run_dependencies/my_custom_interfaces
-- Symlinking: /home/robot/dd2419_ws/src/my_custom_interfaces/install/my_custom_interfaces/share/ament_index/resource_index/parent_prefix_path/my_custom_interfaces
-- Symlinking: /home/robot/dd2419_ws/src/my_custom_interfaces/install/my_custom_interfaces/share/my_custom_interfaces/environment/ament_prefix_path.sh
-- Symlinking: /home/robot/dd2419_ws/src/my_custom_interfaces/install/my_custom_interfaces/share/my_custom_interfaces/environment/ament_prefix_path.dsv
-- Symlinking: /home/robot/dd2419_ws/src/my_custom_interfaces/install/my_custom_interfaces/share/my_custom_interfaces/environment/path.sh
-- Symlinking: /home/robot/dd2419_ws/src/my_custom_interfaces/install/my_custom_interfaces/share/my_custom_interfaces/environment/path.dsv
-- Symlinking: /home/robot/dd2419_ws/src/my_custom_interfaces/install/my_custom_interfaces/share/my_custom_interfaces/local_setup.bash
-- Symlinking: /home/robot/dd2419_ws/src/my_custom_interfaces/install/my_custom_interfaces/share/my_custom_interfaces/local_setup.sh
-- Symlinking: /home/robot/dd2419_ws/src/my_custom_interfaces/install/my_custom_interfaces/share/my_custom_interfaces/local_setup.zsh
-- Symlinking: /home/robot/dd2419_ws/src/my_custom_interfaces/install/my_custom_interfaces/share/my_custom_interfaces/local_setup.dsv
-- Symlinking: /home/robot/dd2419_ws/src/my_custom_interfaces/install/my_custom_interfaces/share/my_custom_interfaces/package.dsv
-- Symlinking: /home/robot/dd2419_ws/src/my_custom_interfaces/install/my_custom_interfaces/share/ament_index/resource_index/packages/my_custom_interfaces
-- Symlinking: /home/robot/dd2419_ws/src/my_custom_interfaces/install/my_custom_interfaces/share/my_custom_interfaces/cmake/rosidl_cmake-extras.cmake
-- Symlinking: /home/robot/dd2419_ws/src/my_custom_interfaces/install/my_custom_interfaces/share/my_custom_interfaces/cmake/ament_cmake_export_dependencies-extras.cmake
-- Symlinking: /home/robot/dd2419_ws/src/my_custom_interfaces/install/my_custom_interfaces/share/my_custom_interfaces/cmake/ament_cmake_export_include_directories-extras.cmake
-- Symlinking: /home/robot/dd2419_ws/src/my_custom_interfaces/install/my_custom_interfaces/share/my_custom_interfaces/cmake/ament_cmake_export_libraries-extras.cmake
-- Symlinking: /home/robot/dd2419_ws/src/my_custom_interfaces/install/my_custom_interfaces/share/my_custom_interfaces/cmake/ament_cmake_export_targets-extras.cmake
-- Symlinking: /home/robot/dd2419_ws/src/my_custom_interfaces/install/my_custom_interfaces/share/my_custom_interfaces/cmake/rosidl_cmake_export_typesupport_targets-extras.cmake
-- Symlinking: /home/robot/dd2419_ws/src/my_custom_interfaces/install/my_custom_interfaces/share/my_custom_interfaces/cmake/rosidl_cmake_export_typesupport_libraries-extras.cmake
-- Symlinking: /home/robot/dd2419_ws/src/my_custom_interfaces/install/my_custom_interfaces/share/my_custom_interfaces/cmake/my_custom_interfacesConfig.cmake
-- Symlinking: /home/robot/dd2419_ws/src/my_custom_interfaces/install/my_custom_interfaces/share/my_custom_interfaces/cmake/my_custom_interfacesConfig-version.cmake
-- Symlinking: /home/robot/dd2419_ws/src/my_custom_interfaces/install/my_custom_interfaces/share/my_custom_interfaces/package.xml
-- Installing: /home/robot/dd2419_ws/src/my_custom_interfaces/install/my_custom_interfaces/lib/libmy_custom_interfaces__rosidl_generator_c.so
-- Set non-toolchain portion of runtime path of "/home/robot/dd2419_ws/src/my_custom_interfaces/install/my_custom_interfaces/lib/libmy_custom_interfaces__rosidl_generator_c.so" to ""
-- Installing: /home/robot/dd2419_ws/src/my_custom_interfaces/install/my_custom_interfaces/lib/libmy_custom_interfaces__rosidl_typesupport_fastrtps_c.so
-- Set non-toolchain portion of runtime path of "/home/robot/dd2419_ws/src/my_custom_interfaces/install/my_custom_interfaces/lib/libmy_custom_interfaces__rosidl_typesupport_fastrtps_c.so" to ""
-- Installing: /home/robot/dd2419_ws/src/my_custom_interfaces/install/my_custom_interfaces/lib/libmy_custom_interfaces__rosidl_typesupport_introspection_c.so
-- Set non-toolchain portion of runtime path of "/home/robot/dd2419_ws/src/my_custom_interfaces/install/my_custom_interfaces/lib/libmy_custom_interfaces__rosidl_typesupport_introspection_c.so" to ""
-- Installing: /home/robot/dd2419_ws/src/my_custom_interfaces/install/my_custom_interfaces/lib/libmy_custom_interfaces__rosidl_typesupport_c.so
-- Set non-toolchain portion of runtime path of "/home/robot/dd2419_ws/src/my_custom_interfaces/install/my_custom_interfaces/lib/libmy_custom_interfaces__rosidl_typesupport_c.so" to ""
-- Installing: /home/robot/dd2419_ws/src/my_custom_interfaces/install/my_custom_interfaces/lib/libmy_custom_interfaces__rosidl_typesupport_fastrtps_cpp.so
-- Set non-toolchain portion of runtime path of "/home/robot/dd2419_ws/src/my_custom_interfaces/install/my_custom_interfaces/lib/libmy_custom_interfaces__rosidl_typesupport_fastrtps_cpp.so" to ""
-- Installing: /home/robot/dd2419_ws/src/my_custom_interfaces/install/my_custom_interfaces/lib/libmy_custom_interfaces__rosidl_typesupport_introspection_cpp.so
-- Set non-toolchain portion of runtime path of "/home/robot/dd2419_ws/src/my_custom_interfaces/install/my_custom_interfaces/lib/libmy_custom_interfaces__rosidl_typesupport_introspection_cpp.so" to ""
-- Installing: /home/robot/dd2419_ws/src/my_custom_interfaces/install/my_custom_interfaces/lib/libmy_custom_interfaces__rosidl_typesupport_cpp.so
-- Set non-toolchain portion of runtime path of "/home/robot/dd2419_ws/src/my_custom_interfaces/install/my_custom_interfaces/lib/libmy_custom_interfaces__rosidl_typesupport_cpp.so" to ""
Listing '/home/robot/dd2419_ws/src/my_custom_interfaces/install/my_custom_interfaces/lib/python3.12/site-packages/my_custom_interfaces'...
Compiling '/home/robot/dd2419_ws/src/my_custom_interfaces/install/my_custom_interfaces/lib/python3.12/site-packages/my_custom_interfaces/__init__.py'...
Listing '/home/robot/dd2419_ws/src/my_custom_interfaces/install/my_custom_interfaces/lib/python3.12/site-packages/my_custom_interfaces/srv'...
Compiling '/home/robot/dd2419_ws/src/my_custom_interfaces/install/my_custom_interfaces/lib/python3.12/site-packages/my_custom_interfaces/srv/__init__.py'...
Compiling '/home/robot/dd2419_ws/src/my_custom_interfaces/install/my_custom_interfaces/lib/python3.12/site-packages/my_custom_interfaces/srv/_pickup.py'...
-- Installing: /home/robot/dd2419_ws/src/my_custom_interfaces/install/my_custom_interfaces/lib/libmy_custom_interfaces__rosidl_generator_py.so
-- Set non-toolchain portion of runtime path of "/home/robot/dd2419_ws/src/my_custom_interfaces/install/my_custom_interfaces/lib/libmy_custom_interfaces__rosidl_generator_py.so" to ""
-- Installing: /home/robot/dd2419_ws/src/my_custom_interfaces/install/my_custom_interfaces/share/my_custom_interfaces/cmake/export_my_custom_interfaces__rosidl_generator_cExport.cmake
-- Installing: /home/robot/dd2419_ws/src/my_custom_interfaces/install/my_custom_interfaces/share/my_custom_interfaces/cmake/export_my_custom_interfaces__rosidl_generator_cExport-noconfig.cmake
-- Installing: /home/robot/dd2419_ws/src/my_custom_interfaces/install/my_custom_interfaces/share/my_custom_interfaces/cmake/export_my_custom_interfaces__rosidl_typesupport_fastrtps_cExport.cmake
-- Installing: /home/robot/dd2419_ws/src/my_custom_interfaces/install/my_custom_interfaces/share/my_custom_interfaces/cmake/export_my_custom_interfaces__rosidl_typesupport_fastrtps_cExport-noconfig.cmake
-- Installing: /home/robot/dd2419_ws/src/my_custom_interfaces/install/my_custom_interfaces/share/my_custom_interfaces/cmake/my_custom_interfaces__rosidl_typesupport_introspection_cExport.cmake
-- Installing: /home/robot/dd2419_ws/src/my_custom_interfaces/install/my_custom_interfaces/share/my_custom_interfaces/cmake/my_custom_interfaces__rosidl_typesupport_introspection_cExport-noconfig.cmake
-- Installing: /home/robot/dd2419_ws/src/my_custom_interfaces/install/my_custom_interfaces/share/my_custom_interfaces/cmake/my_custom_interfaces__rosidl_typesupport_cExport.cmake
-- Installing: /home/robot/dd2419_ws/src/my_custom_interfaces/install/my_custom_interfaces/share/my_custom_interfaces/cmake/my_custom_interfaces__rosidl_typesupport_cExport-noconfig.cmake
-- Installing: /home/robot/dd2419_ws/src/my_custom_interfaces/install/my_custom_interfaces/share/my_custom_interfaces/cmake/export_my_custom_interfaces__rosidl_generator_cppExport.cmake
-- Installing: /home/robot/dd2419_ws/src/my_custom_interfaces/install/my_custom_interfaces/share/my_custom_interfaces/cmake/export_my_custom_interfaces__rosidl_typesupport_fastrtps_cppExport.cmake
-- Installing: /home/robot/dd2419_ws/src/my_custom_interfaces/install/my_custom_interfaces/share/my_custom_interfaces/cmake/export_my_custom_interfaces__rosidl_typesupport_fastrtps_cppExport-noconfig.cmake
-- Installing: /home/robot/dd2419_ws/src/my_custom_interfaces/install/my_custom_interfaces/share/my_custom_interfaces/cmake/my_custom_interfaces__rosidl_typesupport_introspection_cppExport.cmake
-- Installing: /home/robot/dd2419_ws/src/my_custom_interfaces/install/my_custom_interfaces/share/my_custom_interfaces/cmake/my_custom_interfaces__rosidl_typesupport_introspection_cppExport-noconfig.cmake
-- Installing: /home/robot/dd2419_ws/src/my_custom_interfaces/install/my_custom_interfaces/share/my_custom_interfaces/cmake/my_custom_interfaces__rosidl_typesupport_cppExport.cmake
-- Installing: /home/robot/dd2419_ws/src/my_custom_interfaces/install/my_custom_interfaces/share/my_custom_interfaces/cmake/my_custom_interfaces__rosidl_typesupport_cppExport-noconfig.cmake
-- Installing: /home/robot/dd2419_ws/src/my_custom_interfaces/install/my_custom_interfaces/share/my_custom_interfaces/cmake/export_my_custom_interfaces__rosidl_generator_pyExport.cmake
-- Installing: /home/robot/dd2419_ws/src/my_custom_interfaces/install/my_custom_interfaces/share/my_custom_interfaces/cmake/export_my_custom_interfaces__rosidl_generator_pyExport-noconfig.cmake
