[0.008s] Invoking command in '/home/robot/dd2419_ws/src/my_custom_interfaces/build/my_custom_interfaces': CMAKE_PREFIX_PATH=${CMAKE_PREFIX_PATH}:/home/robot/dd2419_ws/install/g2_robot_launch:/home/robot/dd2419_ws/install/robp_launch:/home/robot/dd2419_ws/install/odometry:/home/robot/dd2419_ws/install/kinematics:/home/robot/dd2419_ws/install/armplanner:/home/robot/dd2419_ws/install/robp_boot_camp_launch:/home/robot/dd2419_ws/install/motion_control:/home/robot/dd2419_ws/install/mission_control:/home/robot/dd2419_ws/install/manipulation:/home/robot/dd2419_ws/install/learning_tf2_py:/home/robot/dd2419_ws/install/display_markers:/home/robot/dd2419_ws/install/detection:/home/robot/dd2419_ws/install/arm_servos_pubs_subs:/opt/ros/jazzy DEBUGINFOD_URLS=https://debuginfod.ubuntu.com /usr/bin/cmake /home/robot/dd2419_ws/src/my_custom_interfaces -DAMENT_CMAKE_SYMLINK_INSTALL=1 -DCMAKE_INSTALL_PREFIX=/home/robot/dd2419_ws/src/my_custom_interfaces/install/my_custom_interfaces
[0.022s] -- Found ament_cmake: 2.5.3 (/opt/ros/jazzy/share/ament_cmake/cmake)
[0.205s] -- Override CMake install command with custom implementation using symlinks instead of copying resources
[0.210s] -- Found rosidl_default_generators: 1.6.0 (/opt/ros/jazzy/share/rosidl_default_generators/cmake)
[0.213s] -- Using all available rosidl_typesupport_c: rosidl_typesupport_fastrtps_c;rosidl_typesupport_introspection_c
[0.241s] -- Using all available rosidl_typesupport_cpp: rosidl_typesupport_fastrtps_cpp;rosidl_typesupport_introspection_cpp
[0.262s] -- Found rosidl_adapter: 4.6.5 (/opt/ros/jazzy/share/rosidl_adapter/cmake)
[0.263s] -- Found builtin_interfaces: 2.0.2 (/opt/ros/jazzy/share/builtin_interfaces/cmake)
[0.793s] -- Found ament_cmake_ros: 0.12.0 (/opt/ros/jazzy/share/ament_cmake_ros/cmake)
[1.203s] -- Using all available rosidl_typesupport_c: rosidl_typesupport_fastrtps_c;rosidl_typesupport_introspection_c
[1.713s] -- Using all available rosidl_typesupport_cpp: rosidl_typesupport_fastrtps_cpp;rosidl_typesupport_introspection_cpp
[1.720s] -- Found python_cmake_module: 0.11.1 (/opt/ros/jazzy/share/python_cmake_module/cmake)
[1.840s] -- Found PythonExtra: /usr/bin/python3  
[2.332s] -- Found Python3: /usr/bin/python3 (found version "3.12.3") found components: Interpreter Development NumPy Development.Module Development.Embed 
[2.381s] -- Configuring done (2.4s)
[2.411s] -- Generating done (0.0s)
[2.419s] -- Build files have been written to: /home/robot/dd2419_ws/src/my_custom_interfaces/build/my_custom_interfaces
[2.425s] Invoked command in '/home/robot/dd2419_ws/src/my_custom_interfaces/build/my_custom_interfaces' returned '0': CMAKE_PREFIX_PATH=${CMAKE_PREFIX_PATH}:/home/robot/dd2419_ws/install/g2_robot_launch:/home/robot/dd2419_ws/install/robp_launch:/home/robot/dd2419_ws/install/odometry:/home/robot/dd2419_ws/install/kinematics:/home/robot/dd2419_ws/install/armplanner:/home/robot/dd2419_ws/install/robp_boot_camp_launch:/home/robot/dd2419_ws/install/motion_control:/home/robot/dd2419_ws/install/mission_control:/home/robot/dd2419_ws/install/manipulation:/home/robot/dd2419_ws/install/learning_tf2_py:/home/robot/dd2419_ws/install/display_markers:/home/robot/dd2419_ws/install/detection:/home/robot/dd2419_ws/install/arm_servos_pubs_subs:/opt/ros/jazzy DEBUGINFOD_URLS=https://debuginfod.ubuntu.com /usr/bin/cmake /home/robot/dd2419_ws/src/my_custom_interfaces -DAMENT_CMAKE_SYMLINK_INSTALL=1 -DCMAKE_INSTALL_PREFIX=/home/robot/dd2419_ws/src/my_custom_interfaces/install/my_custom_interfaces
[2.426s] Invoking command in '/home/robot/dd2419_ws/src/my_custom_interfaces/build/my_custom_interfaces': CMAKE_PREFIX_PATH=${CMAKE_PREFIX_PATH}:/home/robot/dd2419_ws/install/g2_robot_launch:/home/robot/dd2419_ws/install/robp_launch:/home/robot/dd2419_ws/install/odometry:/home/robot/dd2419_ws/install/kinematics:/home/robot/dd2419_ws/install/armplanner:/home/robot/dd2419_ws/install/robp_boot_camp_launch:/home/robot/dd2419_ws/install/motion_control:/home/robot/dd2419_ws/install/mission_control:/home/robot/dd2419_ws/install/manipulation:/home/robot/dd2419_ws/install/learning_tf2_py:/home/robot/dd2419_ws/install/display_markers:/home/robot/dd2419_ws/install/detection:/home/robot/dd2419_ws/install/arm_servos_pubs_subs:/opt/ros/jazzy DEBUGINFOD_URLS=https://debuginfod.ubuntu.com /usr/bin/cmake --build /home/robot/dd2419_ws/src/my_custom_interfaces/build/my_custom_interfaces -- -j12 -l12
[2.475s] [  2%] [34m[1mGenerating type hashes for ROS interfaces[0m
[2.485s] [  2%] Built target ament_cmake_python_symlink_my_custom_interfaces
[2.651s] [  2%] Built target my_custom_interfaces__rosidl_generator_type_description
[2.661s] [  5%] [34m[1mGenerating C code for ROS interfaces[0m
[2.672s] [  8%] [34m[1mGenerating C++ code for ROS interfaces[0m
[2.704s] running egg_info
[2.705s] creating my_custom_interfaces.egg-info
[2.728s] writing my_custom_interfaces.egg-info/PKG-INFO
[2.728s] writing dependency_links to my_custom_interfaces.egg-info/dependency_links.txt
[2.729s] writing top-level names to my_custom_interfaces.egg-info/top_level.txt
[2.729s] writing manifest file 'my_custom_interfaces.egg-info/SOURCES.txt'
[2.800s] reading manifest file 'my_custom_interfaces.egg-info/SOURCES.txt'
[2.800s] writing manifest file 'my_custom_interfaces.egg-info/SOURCES.txt'
[2.820s] [  8%] Built target ament_cmake_python_build_my_custom_interfaces_egg
[2.893s] [  8%] Built target my_custom_interfaces__cpp
[2.906s] [ 11%] [32mBuilding C object CMakeFiles/my_custom_interfaces__rosidl_generator_c.dir/rosidl_generator_c/my_custom_interfaces/srv/detail/pickup__description.c.o[0m
[2.907s] [ 14%] [32mBuilding C object CMakeFiles/my_custom_interfaces__rosidl_generator_c.dir/rosidl_generator_c/my_custom_interfaces/srv/detail/pickup__functions.c.o[0m
[2.907s] [ 17%] [32mBuilding C object CMakeFiles/my_custom_interfaces__rosidl_generator_c.dir/rosidl_generator_c/my_custom_interfaces/srv/detail/pickup__type_support.c.o[0m
[2.998s] [ 20%] [32m[1mLinking C shared library libmy_custom_interfaces__rosidl_generator_c.so[0m
[3.035s] [ 20%] Built target my_custom_interfaces__rosidl_generator_c
[3.045s] [ 23%] [34m[1mGenerating C introspection for ROS interfaces[0m
[3.045s] [ 26%] [34m[1mGenerating C++ type support dispatch for ROS interfaces[0m
[3.045s] [ 29%] [34m[1mGenerating C type support for eProsima Fast-RTPS[0m
[3.046s] [ 32%] [34m[1mGenerating C type support dispatch for ROS interfaces[0m
[3.046s] [ 35%] [34m[1mGenerating C++ type support for eProsima Fast-RTPS[0m
[3.046s] [ 38%] [34m[1mGenerating C++ introspection for ROS interfaces[0m
[3.233s] [ 41%] [32mBuilding CXX object CMakeFiles/my_custom_interfaces__rosidl_typesupport_c.dir/rosidl_typesupport_c/my_custom_interfaces/srv/pickup__type_support.cpp.o[0m
[3.235s] [ 44%] [32mBuilding CXX object CMakeFiles/my_custom_interfaces__rosidl_typesupport_cpp.dir/rosidl_typesupport_cpp/my_custom_interfaces/srv/pickup__type_support.cpp.o[0m
[3.254s] [ 47%] [32mBuilding CXX object CMakeFiles/my_custom_interfaces__rosidl_typesupport_introspection_cpp.dir/rosidl_typesupport_introspection_cpp/my_custom_interfaces/srv/detail/pickup__type_support.cpp.o[0m
[3.258s] [ 50%] [32mBuilding C object CMakeFiles/my_custom_interfaces__rosidl_typesupport_introspection_c.dir/rosidl_typesupport_introspection_c/my_custom_interfaces/srv/detail/pickup__type_support.c.o[0m
[3.281s] [ 52%] [32mBuilding CXX object CMakeFiles/my_custom_interfaces__rosidl_typesupport_fastrtps_cpp.dir/rosidl_typesupport_fastrtps_cpp/my_custom_interfaces/srv/detail/dds_fastrtps/pickup__type_support.cpp.o[0m
[3.283s] [ 55%] [32m[1mLinking CXX shared library libmy_custom_interfaces__rosidl_typesupport_c.so[0m
[3.289s] [ 58%] [32mBuilding CXX object CMakeFiles/my_custom_interfaces__rosidl_typesupport_fastrtps_c.dir/rosidl_typesupport_fastrtps_c/my_custom_interfaces/srv/detail/pickup__type_support_c.cpp.o[0m
[3.301s] [ 61%] [32m[1mLinking C shared library libmy_custom_interfaces__rosidl_typesupport_introspection_c.so[0m
[3.321s] [ 61%] Built target my_custom_interfaces__rosidl_typesupport_c
[3.332s] [ 61%] Built target my_custom_interfaces__rosidl_typesupport_introspection_c
[3.563s] [ 64%] [32m[1mLinking CXX shared library libmy_custom_interfaces__rosidl_typesupport_cpp.so[0m
[3.594s] [ 67%] [32m[1mLinking CXX shared library libmy_custom_interfaces__rosidl_typesupport_introspection_cpp.so[0m
[3.622s] [ 67%] Built target my_custom_interfaces__rosidl_typesupport_cpp
[3.657s] [ 67%] Built target my_custom_interfaces__rosidl_typesupport_introspection_cpp
[3.659s] [ 70%] [32m[1mLinking CXX shared library libmy_custom_interfaces__rosidl_typesupport_fastrtps_c.so[0m
[3.722s] [ 70%] Built target my_custom_interfaces__rosidl_typesupport_fastrtps_c
[3.739s] [ 73%] [32m[1mLinking CXX shared library libmy_custom_interfaces__rosidl_typesupport_fastrtps_cpp.so[0m
[3.798s] [ 73%] Built target my_custom_interfaces__rosidl_typesupport_fastrtps_cpp
[3.818s] [ 73%] Built target my_custom_interfaces
[3.839s] [ 76%] [34m[1mGenerating Python code for ROS interfaces[0m
[4.115s] [ 76%] Built target my_custom_interfaces__py
[4.135s] [ 79%] [32mBuilding C object CMakeFiles/my_custom_interfaces__rosidl_generator_py.dir/rosidl_generator_py/my_custom_interfaces/srv/_pickup_s.c.o[0m
[4.303s] [ 82%] [32m[1mLinking C shared library libmy_custom_interfaces__rosidl_generator_py.so[0m
[4.345s] [ 82%] Built target my_custom_interfaces__rosidl_generator_py
[4.364s] [ 85%] [32mBuilding C object CMakeFiles/my_custom_interfaces_s__rosidl_typesupport_introspection_c.dir/rosidl_generator_py/my_custom_interfaces/_my_custom_interfaces_s.ep.rosidl_typesupport_introspection_c.c.o[0m
[4.365s] [ 88%] [32mBuilding C object CMakeFiles/my_custom_interfaces_s__rosidl_typesupport_fastrtps_c.dir/rosidl_generator_py/my_custom_interfaces/_my_custom_interfaces_s.ep.rosidl_typesupport_fastrtps_c.c.o[0m
[4.366s] [ 91%] [32mBuilding C object CMakeFiles/my_custom_interfaces_s__rosidl_typesupport_c.dir/rosidl_generator_py/my_custom_interfaces/_my_custom_interfaces_s.ep.rosidl_typesupport_c.c.o[0m
[4.447s] [ 97%] [32m[1mLinking C shared module rosidl_generator_py/my_custom_interfaces/my_custom_interfaces_s__rosidl_typesupport_introspection_c.so[0m
[4.447s] [ 97%] [32m[1mLinking C shared module rosidl_generator_py/my_custom_interfaces/my_custom_interfaces_s__rosidl_typesupport_c.so[0m
[4.450s] [100%] [32m[1mLinking C shared module rosidl_generator_py/my_custom_interfaces/my_custom_interfaces_s__rosidl_typesupport_fastrtps_c.so[0m
[4.476s] [100%] Built target my_custom_interfaces_s__rosidl_typesupport_c
[4.476s] [100%] Built target my_custom_interfaces_s__rosidl_typesupport_introspection_c
[4.479s] [100%] Built target my_custom_interfaces_s__rosidl_typesupport_fastrtps_c
[4.492s] Invoked command in '/home/robot/dd2419_ws/src/my_custom_interfaces/build/my_custom_interfaces' returned '0': CMAKE_PREFIX_PATH=${CMAKE_PREFIX_PATH}:/home/robot/dd2419_ws/install/g2_robot_launch:/home/robot/dd2419_ws/install/robp_launch:/home/robot/dd2419_ws/install/odometry:/home/robot/dd2419_ws/install/kinematics:/home/robot/dd2419_ws/install/armplanner:/home/robot/dd2419_ws/install/robp_boot_camp_launch:/home/robot/dd2419_ws/install/motion_control:/home/robot/dd2419_ws/install/mission_control:/home/robot/dd2419_ws/install/manipulation:/home/robot/dd2419_ws/install/learning_tf2_py:/home/robot/dd2419_ws/install/display_markers:/home/robot/dd2419_ws/install/detection:/home/robot/dd2419_ws/install/arm_servos_pubs_subs:/opt/ros/jazzy DEBUGINFOD_URLS=https://debuginfod.ubuntu.com /usr/bin/cmake --build /home/robot/dd2419_ws/src/my_custom_interfaces/build/my_custom_interfaces -- -j12 -l12
[4.501s] Invoking command in '/home/robot/dd2419_ws/src/my_custom_interfaces/build/my_custom_interfaces': CMAKE_PREFIX_PATH=${CMAKE_PREFIX_PATH}:/home/robot/dd2419_ws/install/g2_robot_launch:/home/robot/dd2419_ws/install/robp_launch:/home/robot/dd2419_ws/install/odometry:/home/robot/dd2419_ws/install/kinematics:/home/robot/dd2419_ws/install/armplanner:/home/robot/dd2419_ws/install/robp_boot_camp_launch:/home/robot/dd2419_ws/install/motion_control:/home/robot/dd2419_ws/install/mission_control:/home/robot/dd2419_ws/install/manipulation:/home/robot/dd2419_ws/install/learning_tf2_py:/home/robot/dd2419_ws/install/display_markers:/home/robot/dd2419_ws/install/detection:/home/robot/dd2419_ws/install/arm_servos_pubs_subs:/opt/ros/jazzy DEBUGINFOD_URLS=https://debuginfod.ubuntu.com /usr/bin/cmake --install /home/robot/dd2419_ws/src/my_custom_interfaces/build/my_custom_interfaces
[4.509s] -- Install configuration: ""
[4.510s] -- Execute custom install script
[4.510s] -- Symlinking: /home/robot/dd2419_ws/src/my_custom_interfaces/install/my_custom_interfaces/share/ament_index/resource_index/rosidl_interfaces/my_custom_interfaces
[4.518s] -- Symlinking: /home/robot/dd2419_ws/src/my_custom_interfaces/install/my_custom_interfaces/share/my_custom_interfaces/srv/Pickup.json
[4.527s] -- Symlinking: /home/robot/dd2419_ws/src/my_custom_interfaces/install/my_custom_interfaces/include/my_custom_interfaces/my_custom_interfaces/msg/rosidl_generator_c__visibility_control.h
[4.535s] -- Symlinking: /home/robot/dd2419_ws/src/my_custom_interfaces/install/my_custom_interfaces/include/my_custom_interfaces/my_custom_interfaces/srv/detail/pickup__functions.h
[4.543s] -- Symlinking: /home/robot/dd2419_ws/src/my_custom_interfaces/install/my_custom_interfaces/include/my_custom_interfaces/my_custom_interfaces/srv/detail/pickup__struct.h
[4.551s] -- Symlinking: /home/robot/dd2419_ws/src/my_custom_interfaces/install/my_custom_interfaces/include/my_custom_interfaces/my_custom_interfaces/srv/detail/pickup__type_support.h
[4.559s] -- Symlinking: /home/robot/dd2419_ws/src/my_custom_interfaces/install/my_custom_interfaces/include/my_custom_interfaces/my_custom_interfaces/srv/pickup.h
[4.566s] -- Symlinking: /home/robot/dd2419_ws/src/my_custom_interfaces/install/my_custom_interfaces/share/my_custom_interfaces/environment/library_path.sh
[4.575s] -- Symlinking: /home/robot/dd2419_ws/src/my_custom_interfaces/install/my_custom_interfaces/share/my_custom_interfaces/environment/library_path.dsv
[4.584s] -- Symlinking: /home/robot/dd2419_ws/src/my_custom_interfaces/install/my_custom_interfaces/include/my_custom_interfaces/my_custom_interfaces/msg/rosidl_typesupport_fastrtps_c__visibility_control.h
[4.593s] -- Symlinking: /home/robot/dd2419_ws/src/my_custom_interfaces/install/my_custom_interfaces/include/my_custom_interfaces/my_custom_interfaces/srv/detail/pickup__rosidl_typesupport_fastrtps_c.h
[4.602s] -- Symlinking: /home/robot/dd2419_ws/src/my_custom_interfaces/install/my_custom_interfaces/include/my_custom_interfaces/my_custom_interfaces/msg/rosidl_typesupport_introspection_c__visibility_control.h
[4.610s] -- Symlinking: /home/robot/dd2419_ws/src/my_custom_interfaces/install/my_custom_interfaces/include/my_custom_interfaces/my_custom_interfaces/srv/detail/pickup__rosidl_typesupport_introspection_c.h
[4.620s] -- Symlinking: /home/robot/dd2419_ws/src/my_custom_interfaces/install/my_custom_interfaces/include/my_custom_interfaces/my_custom_interfaces/msg/rosidl_generator_cpp__visibility_control.hpp
[4.629s] -- Symlinking: /home/robot/dd2419_ws/src/my_custom_interfaces/install/my_custom_interfaces/include/my_custom_interfaces/my_custom_interfaces/srv/detail/pickup__builder.hpp
[4.637s] -- Symlinking: /home/robot/dd2419_ws/src/my_custom_interfaces/install/my_custom_interfaces/include/my_custom_interfaces/my_custom_interfaces/srv/detail/pickup__struct.hpp
[4.646s] -- Symlinking: /home/robot/dd2419_ws/src/my_custom_interfaces/install/my_custom_interfaces/include/my_custom_interfaces/my_custom_interfaces/srv/detail/pickup__traits.hpp
[4.654s] -- Symlinking: /home/robot/dd2419_ws/src/my_custom_interfaces/install/my_custom_interfaces/include/my_custom_interfaces/my_custom_interfaces/srv/detail/pickup__type_support.hpp
[4.663s] -- Symlinking: /home/robot/dd2419_ws/src/my_custom_interfaces/install/my_custom_interfaces/include/my_custom_interfaces/my_custom_interfaces/srv/pickup.hpp
[4.673s] -- Symlinking: /home/robot/dd2419_ws/src/my_custom_interfaces/install/my_custom_interfaces/include/my_custom_interfaces/my_custom_interfaces/msg/rosidl_typesupport_fastrtps_cpp__visibility_control.h
[4.681s] -- Symlinking: /home/robot/dd2419_ws/src/my_custom_interfaces/install/my_custom_interfaces/include/my_custom_interfaces/my_custom_interfaces/srv/detail/pickup__rosidl_typesupport_fastrtps_cpp.hpp
[4.690s] -- Symlinking: /home/robot/dd2419_ws/src/my_custom_interfaces/install/my_custom_interfaces/include/my_custom_interfaces/my_custom_interfaces/srv/detail/pickup__rosidl_typesupport_introspection_cpp.hpp
[4.698s] -- Symlinking: /home/robot/dd2419_ws/src/my_custom_interfaces/install/my_custom_interfaces/share/my_custom_interfaces/environment/pythonpath.sh
[4.707s] -- Symlinking: /home/robot/dd2419_ws/src/my_custom_interfaces/install/my_custom_interfaces/share/my_custom_interfaces/environment/pythonpath.dsv
[4.717s] -- Symlinking: /home/robot/dd2419_ws/src/my_custom_interfaces/install/my_custom_interfaces/lib/python3.12/site-packages/my_custom_interfaces-0.0.0-py3.12.egg-info/PKG-INFO
[4.726s] -- Symlinking: /home/robot/dd2419_ws/src/my_custom_interfaces/install/my_custom_interfaces/lib/python3.12/site-packages/my_custom_interfaces-0.0.0-py3.12.egg-info/SOURCES.txt
[4.735s] -- Symlinking: /home/robot/dd2419_ws/src/my_custom_interfaces/install/my_custom_interfaces/lib/python3.12/site-packages/my_custom_interfaces-0.0.0-py3.12.egg-info/dependency_links.txt
[4.744s] -- Symlinking: /home/robot/dd2419_ws/src/my_custom_interfaces/install/my_custom_interfaces/lib/python3.12/site-packages/my_custom_interfaces-0.0.0-py3.12.egg-info/top_level.txt
[4.754s] -- Symlinking: /home/robot/dd2419_ws/src/my_custom_interfaces/install/my_custom_interfaces/lib/python3.12/site-packages/my_custom_interfaces/__init__.py
[4.763s] -- Symlinking: /home/robot/dd2419_ws/src/my_custom_interfaces/install/my_custom_interfaces/lib/python3.12/site-packages/my_custom_interfaces/_my_custom_interfaces_s.ep.rosidl_typesupport_c.c
[4.772s] -- Symlinking: /home/robot/dd2419_ws/src/my_custom_interfaces/install/my_custom_interfaces/lib/python3.12/site-packages/my_custom_interfaces/_my_custom_interfaces_s.ep.rosidl_typesupport_fastrtps_c.c
[4.781s] -- Symlinking: /home/robot/dd2419_ws/src/my_custom_interfaces/install/my_custom_interfaces/lib/python3.12/site-packages/my_custom_interfaces/_my_custom_interfaces_s.ep.rosidl_typesupport_introspection_c.c
[4.790s] -- Symlinking: /home/robot/dd2419_ws/src/my_custom_interfaces/install/my_custom_interfaces/lib/python3.12/site-packages/my_custom_interfaces/my_custom_interfaces_s__rosidl_typesupport_c.so
[4.799s] -- Symlinking: /home/robot/dd2419_ws/src/my_custom_interfaces/install/my_custom_interfaces/lib/python3.12/site-packages/my_custom_interfaces/my_custom_interfaces_s__rosidl_typesupport_fastrtps_c.so
[4.808s] -- Symlinking: /home/robot/dd2419_ws/src/my_custom_interfaces/install/my_custom_interfaces/lib/python3.12/site-packages/my_custom_interfaces/my_custom_interfaces_s__rosidl_typesupport_introspection_c.so
[4.817s] -- Symlinking: /home/robot/dd2419_ws/src/my_custom_interfaces/install/my_custom_interfaces/lib/python3.12/site-packages/my_custom_interfaces/srv/__init__.py
[4.826s] -- Symlinking: /home/robot/dd2419_ws/src/my_custom_interfaces/install/my_custom_interfaces/lib/python3.12/site-packages/my_custom_interfaces/srv/_pickup.py
[4.835s] -- Symlinking: /home/robot/dd2419_ws/src/my_custom_interfaces/install/my_custom_interfaces/lib/python3.12/site-packages/my_custom_interfaces/srv/_pickup_s.c
[4.844s] -- Up-to-date symlink: /home/robot/dd2419_ws/src/my_custom_interfaces/install/my_custom_interfaces/lib/python3.12/site-packages/my_custom_interfaces/my_custom_interfaces_s__rosidl_typesupport_fastrtps_c.so
[4.844s] -- Up-to-date symlink: /home/robot/dd2419_ws/src/my_custom_interfaces/install/my_custom_interfaces/lib/python3.12/site-packages/my_custom_interfaces/my_custom_interfaces_s__rosidl_typesupport_introspection_c.so
[4.845s] -- Up-to-date symlink: /home/robot/dd2419_ws/src/my_custom_interfaces/install/my_custom_interfaces/lib/python3.12/site-packages/my_custom_interfaces/my_custom_interfaces_s__rosidl_typesupport_c.so
[4.845s] -- Symlinking: /home/robot/dd2419_ws/src/my_custom_interfaces/install/my_custom_interfaces/share/my_custom_interfaces/srv/Pickup.idl
[4.854s] -- Symlinking: /home/robot/dd2419_ws/src/my_custom_interfaces/install/my_custom_interfaces/share/my_custom_interfaces/srv/Pickup.srv
[4.863s] -- Symlinking: /home/robot/dd2419_ws/src/my_custom_interfaces/install/my_custom_interfaces/share/ament_index/resource_index/package_run_dependencies/my_custom_interfaces
[4.872s] -- Symlinking: /home/robot/dd2419_ws/src/my_custom_interfaces/install/my_custom_interfaces/share/ament_index/resource_index/parent_prefix_path/my_custom_interfaces
[4.881s] -- Symlinking: /home/robot/dd2419_ws/src/my_custom_interfaces/install/my_custom_interfaces/share/my_custom_interfaces/environment/ament_prefix_path.sh
[4.890s] -- Symlinking: /home/robot/dd2419_ws/src/my_custom_interfaces/install/my_custom_interfaces/share/my_custom_interfaces/environment/ament_prefix_path.dsv
[4.899s] -- Symlinking: /home/robot/dd2419_ws/src/my_custom_interfaces/install/my_custom_interfaces/share/my_custom_interfaces/environment/path.sh
[4.908s] -- Symlinking: /home/robot/dd2419_ws/src/my_custom_interfaces/install/my_custom_interfaces/share/my_custom_interfaces/environment/path.dsv
[4.917s] -- Symlinking: /home/robot/dd2419_ws/src/my_custom_interfaces/install/my_custom_interfaces/share/my_custom_interfaces/local_setup.bash
[4.925s] -- Symlinking: /home/robot/dd2419_ws/src/my_custom_interfaces/install/my_custom_interfaces/share/my_custom_interfaces/local_setup.sh
[4.933s] -- Symlinking: /home/robot/dd2419_ws/src/my_custom_interfaces/install/my_custom_interfaces/share/my_custom_interfaces/local_setup.zsh
[4.942s] -- Symlinking: /home/robot/dd2419_ws/src/my_custom_interfaces/install/my_custom_interfaces/share/my_custom_interfaces/local_setup.dsv
[4.949s] -- Symlinking: /home/robot/dd2419_ws/src/my_custom_interfaces/install/my_custom_interfaces/share/my_custom_interfaces/package.dsv
[4.958s] -- Symlinking: /home/robot/dd2419_ws/src/my_custom_interfaces/install/my_custom_interfaces/share/ament_index/resource_index/packages/my_custom_interfaces
[4.966s] -- Symlinking: /home/robot/dd2419_ws/src/my_custom_interfaces/install/my_custom_interfaces/share/my_custom_interfaces/cmake/rosidl_cmake-extras.cmake
[4.975s] -- Symlinking: /home/robot/dd2419_ws/src/my_custom_interfaces/install/my_custom_interfaces/share/my_custom_interfaces/cmake/ament_cmake_export_dependencies-extras.cmake
[4.984s] -- Symlinking: /home/robot/dd2419_ws/src/my_custom_interfaces/install/my_custom_interfaces/share/my_custom_interfaces/cmake/ament_cmake_export_include_directories-extras.cmake
[4.992s] -- Symlinking: /home/robot/dd2419_ws/src/my_custom_interfaces/install/my_custom_interfaces/share/my_custom_interfaces/cmake/ament_cmake_export_libraries-extras.cmake
[5.001s] -- Symlinking: /home/robot/dd2419_ws/src/my_custom_interfaces/install/my_custom_interfaces/share/my_custom_interfaces/cmake/ament_cmake_export_targets-extras.cmake
[5.009s] -- Symlinking: /home/robot/dd2419_ws/src/my_custom_interfaces/install/my_custom_interfaces/share/my_custom_interfaces/cmake/rosidl_cmake_export_typesupport_targets-extras.cmake
[5.018s] -- Symlinking: /home/robot/dd2419_ws/src/my_custom_interfaces/install/my_custom_interfaces/share/my_custom_interfaces/cmake/rosidl_cmake_export_typesupport_libraries-extras.cmake
[5.026s] -- Symlinking: /home/robot/dd2419_ws/src/my_custom_interfaces/install/my_custom_interfaces/share/my_custom_interfaces/cmake/my_custom_interfacesConfig.cmake
[5.034s] -- Symlinking: /home/robot/dd2419_ws/src/my_custom_interfaces/install/my_custom_interfaces/share/my_custom_interfaces/cmake/my_custom_interfacesConfig-version.cmake
[5.043s] -- Symlinking: /home/robot/dd2419_ws/src/my_custom_interfaces/install/my_custom_interfaces/share/my_custom_interfaces/package.xml
[5.052s] -- Installing: /home/robot/dd2419_ws/src/my_custom_interfaces/install/my_custom_interfaces/lib/libmy_custom_interfaces__rosidl_generator_c.so
[5.052s] -- Set non-toolchain portion of runtime path of "/home/robot/dd2419_ws/src/my_custom_interfaces/install/my_custom_interfaces/lib/libmy_custom_interfaces__rosidl_generator_c.so" to ""
[5.052s] -- Installing: /home/robot/dd2419_ws/src/my_custom_interfaces/install/my_custom_interfaces/lib/libmy_custom_interfaces__rosidl_typesupport_fastrtps_c.so
[5.052s] -- Set non-toolchain portion of runtime path of "/home/robot/dd2419_ws/src/my_custom_interfaces/install/my_custom_interfaces/lib/libmy_custom_interfaces__rosidl_typesupport_fastrtps_c.so" to ""
[5.052s] -- Installing: /home/robot/dd2419_ws/src/my_custom_interfaces/install/my_custom_interfaces/lib/libmy_custom_interfaces__rosidl_typesupport_introspection_c.so
[5.053s] -- Set non-toolchain portion of runtime path of "/home/robot/dd2419_ws/src/my_custom_interfaces/install/my_custom_interfaces/lib/libmy_custom_interfaces__rosidl_typesupport_introspection_c.so" to ""
[5.053s] -- Installing: /home/robot/dd2419_ws/src/my_custom_interfaces/install/my_custom_interfaces/lib/libmy_custom_interfaces__rosidl_typesupport_c.so
[5.053s] -- Set non-toolchain portion of runtime path of "/home/robot/dd2419_ws/src/my_custom_interfaces/install/my_custom_interfaces/lib/libmy_custom_interfaces__rosidl_typesupport_c.so" to ""
[5.053s] -- Installing: /home/robot/dd2419_ws/src/my_custom_interfaces/install/my_custom_interfaces/lib/libmy_custom_interfaces__rosidl_typesupport_fastrtps_cpp.so
[5.053s] -- Set non-toolchain portion of runtime path of "/home/robot/dd2419_ws/src/my_custom_interfaces/install/my_custom_interfaces/lib/libmy_custom_interfaces__rosidl_typesupport_fastrtps_cpp.so" to ""
[5.054s] -- Installing: /home/robot/dd2419_ws/src/my_custom_interfaces/install/my_custom_interfaces/lib/libmy_custom_interfaces__rosidl_typesupport_introspection_cpp.so
[5.054s] -- Set non-toolchain portion of runtime path of "/home/robot/dd2419_ws/src/my_custom_interfaces/install/my_custom_interfaces/lib/libmy_custom_interfaces__rosidl_typesupport_introspection_cpp.so" to ""
[5.054s] -- Installing: /home/robot/dd2419_ws/src/my_custom_interfaces/install/my_custom_interfaces/lib/libmy_custom_interfaces__rosidl_typesupport_cpp.so
[5.054s] -- Set non-toolchain portion of runtime path of "/home/robot/dd2419_ws/src/my_custom_interfaces/install/my_custom_interfaces/lib/libmy_custom_interfaces__rosidl_typesupport_cpp.so" to ""
[5.093s] Listing '/home/robot/dd2419_ws/src/my_custom_interfaces/install/my_custom_interfaces/lib/python3.12/site-packages/my_custom_interfaces'...
[5.093s] Compiling '/home/robot/dd2419_ws/src/my_custom_interfaces/install/my_custom_interfaces/lib/python3.12/site-packages/my_custom_interfaces/__init__.py'...
[5.093s] Listing '/home/robot/dd2419_ws/src/my_custom_interfaces/install/my_custom_interfaces/lib/python3.12/site-packages/my_custom_interfaces/srv'...
[5.093s] Compiling '/home/robot/dd2419_ws/src/my_custom_interfaces/install/my_custom_interfaces/lib/python3.12/site-packages/my_custom_interfaces/srv/__init__.py'...
[5.093s] Compiling '/home/robot/dd2419_ws/src/my_custom_interfaces/install/my_custom_interfaces/lib/python3.12/site-packages/my_custom_interfaces/srv/_pickup.py'...
[5.097s] -- Installing: /home/robot/dd2419_ws/src/my_custom_interfaces/install/my_custom_interfaces/lib/libmy_custom_interfaces__rosidl_generator_py.so
[5.097s] -- Set non-toolchain portion of runtime path of "/home/robot/dd2419_ws/src/my_custom_interfaces/install/my_custom_interfaces/lib/libmy_custom_interfaces__rosidl_generator_py.so" to ""
[5.097s] -- Installing: /home/robot/dd2419_ws/src/my_custom_interfaces/install/my_custom_interfaces/share/my_custom_interfaces/cmake/export_my_custom_interfaces__rosidl_generator_cExport.cmake
[5.097s] -- Installing: /home/robot/dd2419_ws/src/my_custom_interfaces/install/my_custom_interfaces/share/my_custom_interfaces/cmake/export_my_custom_interfaces__rosidl_generator_cExport-noconfig.cmake
[5.097s] -- Installing: /home/robot/dd2419_ws/src/my_custom_interfaces/install/my_custom_interfaces/share/my_custom_interfaces/cmake/export_my_custom_interfaces__rosidl_typesupport_fastrtps_cExport.cmake
[5.098s] -- Installing: /home/robot/dd2419_ws/src/my_custom_interfaces/install/my_custom_interfaces/share/my_custom_interfaces/cmake/export_my_custom_interfaces__rosidl_typesupport_fastrtps_cExport-noconfig.cmake
[5.098s] -- Installing: /home/robot/dd2419_ws/src/my_custom_interfaces/install/my_custom_interfaces/share/my_custom_interfaces/cmake/my_custom_interfaces__rosidl_typesupport_introspection_cExport.cmake
[5.098s] -- Installing: /home/robot/dd2419_ws/src/my_custom_interfaces/install/my_custom_interfaces/share/my_custom_interfaces/cmake/my_custom_interfaces__rosidl_typesupport_introspection_cExport-noconfig.cmake
[5.098s] -- Installing: /home/robot/dd2419_ws/src/my_custom_interfaces/install/my_custom_interfaces/share/my_custom_interfaces/cmake/my_custom_interfaces__rosidl_typesupport_cExport.cmake
[5.098s] -- Installing: /home/robot/dd2419_ws/src/my_custom_interfaces/install/my_custom_interfaces/share/my_custom_interfaces/cmake/my_custom_interfaces__rosidl_typesupport_cExport-noconfig.cmake
[5.099s] -- Installing: /home/robot/dd2419_ws/src/my_custom_interfaces/install/my_custom_interfaces/share/my_custom_interfaces/cmake/export_my_custom_interfaces__rosidl_generator_cppExport.cmake
[5.099s] -- Installing: /home/robot/dd2419_ws/src/my_custom_interfaces/install/my_custom_interfaces/share/my_custom_interfaces/cmake/export_my_custom_interfaces__rosidl_typesupport_fastrtps_cppExport.cmake
[5.099s] -- Installing: /home/robot/dd2419_ws/src/my_custom_interfaces/install/my_custom_interfaces/share/my_custom_interfaces/cmake/export_my_custom_interfaces__rosidl_typesupport_fastrtps_cppExport-noconfig.cmake
[5.099s] -- Installing: /home/robot/dd2419_ws/src/my_custom_interfaces/install/my_custom_interfaces/share/my_custom_interfaces/cmake/my_custom_interfaces__rosidl_typesupport_introspection_cppExport.cmake
[5.099s] -- Installing: /home/robot/dd2419_ws/src/my_custom_interfaces/install/my_custom_interfaces/share/my_custom_interfaces/cmake/my_custom_interfaces__rosidl_typesupport_introspection_cppExport-noconfig.cmake
[5.099s] -- Installing: /home/robot/dd2419_ws/src/my_custom_interfaces/install/my_custom_interfaces/share/my_custom_interfaces/cmake/my_custom_interfaces__rosidl_typesupport_cppExport.cmake
[5.100s] -- Installing: /home/robot/dd2419_ws/src/my_custom_interfaces/install/my_custom_interfaces/share/my_custom_interfaces/cmake/my_custom_interfaces__rosidl_typesupport_cppExport-noconfig.cmake
[5.100s] -- Installing: /home/robot/dd2419_ws/src/my_custom_interfaces/install/my_custom_interfaces/share/my_custom_interfaces/cmake/export_my_custom_interfaces__rosidl_generator_pyExport.cmake
[5.100s] -- Installing: /home/robot/dd2419_ws/src/my_custom_interfaces/install/my_custom_interfaces/share/my_custom_interfaces/cmake/export_my_custom_interfaces__rosidl_generator_pyExport-noconfig.cmake
[5.102s] Invoked command in '/home/robot/dd2419_ws/src/my_custom_interfaces/build/my_custom_interfaces' returned '0': CMAKE_PREFIX_PATH=${CMAKE_PREFIX_PATH}:/home/robot/dd2419_ws/install/g2_robot_launch:/home/robot/dd2419_ws/install/robp_launch:/home/robot/dd2419_ws/install/odometry:/home/robot/dd2419_ws/install/kinematics:/home/robot/dd2419_ws/install/armplanner:/home/robot/dd2419_ws/install/robp_boot_camp_launch:/home/robot/dd2419_ws/install/motion_control:/home/robot/dd2419_ws/install/mission_control:/home/robot/dd2419_ws/install/manipulation:/home/robot/dd2419_ws/install/learning_tf2_py:/home/robot/dd2419_ws/install/display_markers:/home/robot/dd2419_ws/install/detection:/home/robot/dd2419_ws/install/arm_servos_pubs_subs:/opt/ros/jazzy DEBUGINFOD_URLS=https://debuginfod.ubuntu.com /usr/bin/cmake --install /home/robot/dd2419_ws/src/my_custom_interfaces/build/my_custom_interfaces
